#
# There is insufficient memory for the Java Runtime Environment to continue.
# Native memory allocation (malloc) failed to allocate 1544944 bytes. Error detail: Chunk::new
# Possible reasons:
#   The system is out of physical RAM or swap space
#   This process is running with CompressedOops enabled, and the Java Heap may be blocking the growth of the native heap
# Possible solutions:
#   Reduce memory load on the system
#   Increase physical memory or swap space
#   Check if swap backing store is full
#   Decrease Java heap size (-Xmx/-Xms)
#   Decrease number of Java threads
#   Decrease Java thread stack sizes (-Xss)
#   Set larger code cache with -XX:ReservedCodeCacheSize=
#   JVM is running with Unscaled Compressed Oops mode in which the Java heap is
#     placed in the first 4GB address space. The Java Heap base address is the
#     maximum limit for the native heap growth. Please use -XX:HeapBaseMinAddress
#     to set the Java Heap base and to place the Java Heap above 4GB virtual address.
# This output file may be truncated or incomplete.
#
#  Out of Memory Error (arena.cpp:168), pid=14644, tid=6572
#
# JRE version: OpenJDK Runtime Environment Temurin-21.0.10+7 (21.0.10+7) (build 21.0.10+7-LTS)
# Java VM: OpenJDK 64-Bit Server VM Temurin-21.0.10+7 (21.0.10+7-LTS, mixed mode, sharing, tiered, compressed oops, compressed class ptrs, g1 gc, windows-amd64)
# No core dump will be written. Minidumps are not enabled by default on client versions of Windows
#

---------------  S U M M A R Y ------------

Command Line: --add-opens=java.base/java.util=ALL-UNNAMED --add-opens=java.base/java.lang=ALL-UNNAMED --add-opens=java.base/java.lang.invoke=ALL-UNNAMED --add-opens=java.prefs/java.util.prefs=ALL-UNNAMED --add-exports=jdk.compiler/com.sun.tools.javac.api=ALL-UNNAMED --add-exports=jdk.compiler/com.sun.tools.javac.util=ALL-UNNAMED --add-opens=java.base/java.nio.charset=ALL-UNNAMED --add-opens=java.base/java.net=ALL-UNNAMED --add-opens=java.base/java.util.concurrent.atomic=ALL-UNNAMED -XX:MaxMetaspaceSize=384m -XX:+HeapDumpOnOutOfMemoryError -Xms256m -Xmx512m -Dfile.encoding=utf8 -Duser.country=US -Duser.language=en -Duser.variant -javaagent:D:\.gradle\wrapper\dists\gradle-8.9-bin\90cnw93cvbtalezasaz0blq0a\gradle-8.9\lib\agents\gradle-instrumentation-agent-8.9.jar org.gradle.launcher.daemon.bootstrap.GradleDaemon 8.9

Host: Intel(R) Core(TM) i3-2120 CPU @ 3.30GHz, 4 cores, 7G,  Windows 10 , 64 bit Build 19041 (10.0.19041.5915)
Time: Mon Apr 20 15:25:24 2026 China Standard Time elapsed time: 70.729546 seconds (0d 0h 1m 10s)

---------------  T H R E A D  ---------------

Current thread (0x000001fbfe725670):  JavaThread "C2 CompilerThread0" daemon [_thread_in_native, id=6572, stack(0x0000004861300000,0x0000004861400000) (1024K)]


Current CompileTask:
C2:70729 10007       4       java.beans.Introspector::addMethod (241 bytes)

Stack: [0x0000004861300000,0x0000004861400000]
Native frames: (J=compiled Java code, j=interpreted, Vv=VM code, C=native code)
V  [jvm.dll+0x6d7a39]
V  [jvm.dll+0x8b4b26]
V  [jvm.dll+0x8b70de]
V  [jvm.dll+0x8b77c3]
V  [jvm.dll+0x284346]
V  [jvm.dll+0xc66ed]
V  [jvm.dll+0xc6c31]
V  [jvm.dll+0x3bec3b]
V  [jvm.dll+0x1e3f69]
V  [jvm.dll+0x24c6b3]
V  [jvm.dll+0x24bb40]
V  [jvm.dll+0x1cb34e]
V  [jvm.dll+0x25b85d]
V  [jvm.dll+0x259dea]
V  [jvm.dll+0x3f857e]
V  [jvm.dll+0x85f59d]
V  [jvm.dll+0x6d626d]
C  [ucrtbase.dll+0x21bb2]
C  [KERNEL32.DLL+0x17374]
C  [ntdll.dll+0x4cc91]


---------------  P R O C E S S  ---------------

Threads class SMR info:
_java_thread_list=0x000001fb94299f90, length=52, elements={
0x000001fbfd737b20, 0x000001fbfe71df80, 0x000001fbfe71ed90, 0x000001fbfe7229c0,
0x000001fbfe723420, 0x000001fbfe723e80, 0x000001fbfe7248e0, 0x000001fbfe725670,
0x000001fbfe726980, 0x000001fb943445d0, 0x000001fb9439bd70, 0x000001fb94353980,
0x000001fbaed2dad0, 0x000001fbae468c40, 0x000001fbae3363e0, 0x000001fbae328a00,
0x000001fbae32dd60, 0x000001fb946ebfd0, 0x000001fbaec64d80, 0x000001fbaec646f0,
0x000001fbaec62620, 0x000001fbaec63340, 0x000001fbaec639d0, 0x000001fbaec65aa0,
0x000001fbaec64060, 0x000001fbaec62cb0, 0x000001fbaf91c2f0, 0x000001fbaf91c980,
0x000001fbaf91b5d0, 0x000001fbaf91f770, 0x000001fbaf91d010, 0x000001fbaf91d6a0,
0x000001fbaf91af40, 0x000001fbaf9187e0, 0x000001fbaf91bc60, 0x000001fbaf91dd30,
0x000001fbaf91e3c0, 0x000001fbaf91fe00, 0x000001fbaf918e70, 0x000001fbaf919500,
0x000001fbaf919b90, 0x000001fbb078c2d0, 0x000001fbb0792bd0, 0x000001fbb078cff0,
0x000001fbb078c960, 0x000001fbb078d680, 0x000001fbb078dd10, 0x000001fbb078f750,
0x000001fbb078fde0, 0x000001fbb8237980, 0x000001fbb8239a50, 0x000001fbb82393c0
}

Java Threads: ( => current thread )
  0x000001fbfd737b20 JavaThread "main"                              [_thread_blocked, id=6972, stack(0x0000004860400000,0x0000004860500000) (1024K)]
  0x000001fbfe71df80 JavaThread "Reference Handler"          daemon [_thread_blocked, id=2740, stack(0x0000004860d00000,0x0000004860e00000) (1024K)]
  0x000001fbfe71ed90 JavaThread "Finalizer"                  daemon [_thread_blocked, id=12676, stack(0x0000004860e00000,0x0000004860f00000) (1024K)]
  0x000001fbfe7229c0 JavaThread "Signal Dispatcher"          daemon [_thread_blocked, id=3328, stack(0x0000004860f00000,0x0000004861000000) (1024K)]
  0x000001fbfe723420 JavaThread "Attach Listener"            daemon [_thread_blocked, id=11088, stack(0x0000004861000000,0x0000004861100000) (1024K)]
  0x000001fbfe723e80 JavaThread "Service Thread"             daemon [_thread_blocked, id=10544, stack(0x0000004861100000,0x0000004861200000) (1024K)]
  0x000001fbfe7248e0 JavaThread "Monitor Deflation Thread"   daemon [_thread_blocked, id=16468, stack(0x0000004861200000,0x0000004861300000) (1024K)]
=>0x000001fbfe725670 JavaThread "C2 CompilerThread0"         daemon [_thread_in_native, id=6572, stack(0x0000004861300000,0x0000004861400000) (1024K)]
  0x000001fbfe726980 JavaThread "C1 CompilerThread0"         daemon [_thread_blocked, id=9284, stack(0x0000004861400000,0x0000004861500000) (1024K)]
  0x000001fb943445d0 JavaThread "Common-Cleaner"             daemon [_thread_blocked, id=9328, stack(0x0000004861500000,0x0000004861600000) (1024K)]
  0x000001fb9439bd70 JavaThread "Notification Thread"        daemon [_thread_blocked, id=8260, stack(0x0000004861600000,0x0000004861700000) (1024K)]
  0x000001fb94353980 JavaThread "Daemon health stats"               [_thread_blocked, id=9896, stack(0x0000004861a00000,0x0000004861b00000) (1024K)]
  0x000001fbaed2dad0 JavaThread "Incoming local TCP Connector on port 61310"        [_thread_in_native, id=7152, stack(0x0000004861b00000,0x0000004861c00000) (1024K)]
  0x000001fbae468c40 JavaThread "Daemon periodic checks"            [_thread_blocked, id=15700, stack(0x0000004861c00000,0x0000004861d00000) (1024K)]
  0x000001fbae3363e0 JavaThread "Daemon"                            [_thread_blocked, id=15776, stack(0x0000004861d00000,0x0000004861e00000) (1024K)]
  0x000001fbae328a00 JavaThread "Handler for socket connection from /127.0.0.1:61310 to /127.0.0.1:61311"        [_thread_in_native, id=12092, stack(0x0000004861e00000,0x0000004861f00000) (1024K)]
  0x000001fbae32dd60 JavaThread "Cancel handler"                    [_thread_blocked, id=16872, stack(0x0000004861f00000,0x0000004862000000) (1024K)]
  0x000001fb946ebfd0 JavaThread "Daemon worker"                     [_thread_in_native, id=10812, stack(0x0000004862000000,0x0000004862100000) (1024K)]
  0x000001fbaec64d80 JavaThread "Asynchronous log dispatcher for DefaultDaemonConnection: socket connection from /127.0.0.1:61310 to /127.0.0.1:61311"        [_thread_blocked, id=12720, stack(0x0000004862100000,0x0000004862200000) (1024K)]
  0x000001fbaec646f0 JavaThread "Stdin handler"                     [_thread_blocked, id=1560, stack(0x0000004862200000,0x0000004862300000) (1024K)]
  0x000001fbaec62620 JavaThread "Daemon client event forwarder"        [_thread_in_Java, id=16540, stack(0x0000004862300000,0x0000004862400000) (1024K)]
  0x000001fbaec63340 JavaThread "Cache worker for journal cache (D:\.gradle\caches\journal-1)"        [_thread_blocked, id=14244, stack(0x0000004862400000,0x0000004862500000) (1024K)]
  0x000001fbaec639d0 JavaThread "File lock request listener"        [_thread_in_native, id=8788, stack(0x0000004862500000,0x0000004862600000) (1024K)]
  0x000001fbaec65aa0 JavaThread "Cache worker for file hash cache (D:\.gradle\caches\8.9\fileHashes)"        [_thread_blocked, id=2340, stack(0x0000004862600000,0x0000004862700000) (1024K)]
  0x000001fbaec64060 JavaThread "Cache worker for file hash cache (D:\Antigravity\wifibilling\pub_cache\hosted\pub.dev\print_bluetooth_thermal-1.1.9\android\.gradle\8.9\fileHashes)"        [_thread_blocked, id=11632, stack(0x0000004862700000,0x0000004862800000) (1024K)]
  0x000001fbaec62cb0 JavaThread "Cache worker for Build Output Cleanup Cache (D:\Antigravity\wifibilling\pub_cache\hosted\pub.dev\print_bluetooth_thermal-1.1.9\android\.gradle\buildOutputCleanup)"        [_thread_blocked, id=14020, stack(0x0000004862800000,0x0000004862900000) (1024K)]
  0x000001fbaf91c2f0 JavaThread "File watcher server"        daemon [_thread_in_native, id=13232, stack(0x0000004862900000,0x0000004862a00000) (1024K)]
  0x000001fbaf91c980 JavaThread "File watcher consumer"      daemon [_thread_blocked, id=9172, stack(0x0000004862a00000,0x0000004862b00000) (1024K)]
  0x000001fbaf91b5d0 JavaThread "Cache worker for checksums cache (D:\Antigravity\wifibilling\pub_cache\hosted\pub.dev\print_bluetooth_thermal-1.1.9\android\.gradle\8.9\checksums)"        [_thread_blocked, id=11476, stack(0x0000004862b00000,0x0000004862c00000) (1024K)]
  0x000001fbaf91f770 JavaThread "Cache worker for file content cache (D:\.gradle\caches\8.9\fileContent)"        [_thread_blocked, id=17524, stack(0x0000004862c00000,0x0000004862d00000) (1024K)]
  0x000001fbaf91d010 JavaThread "File lock release action executor"        [_thread_blocked, id=16744, stack(0x0000004862d00000,0x0000004862e00000) (1024K)]
  0x000001fbaf91d6a0 JavaThread "Cache worker for cache directory md-rule (D:\.gradle\caches\8.9\md-rule)"        [_thread_blocked, id=13640, stack(0x0000004862e00000,0x0000004862f00000) (1024K)]
  0x000001fbaf91af40 JavaThread "Cache worker for cache directory md-supplier (D:\.gradle\caches\8.9\md-supplier)"        [_thread_blocked, id=14212, stack(0x0000004862f00000,0x0000004863000000) (1024K)]
  0x000001fbaf9187e0 JavaThread "jar transforms"                    [_thread_blocked, id=17968, stack(0x0000004863000000,0x0000004863100000) (1024K)]
  0x000001fbaf91bc60 JavaThread "jar transforms Thread 2"           [_thread_blocked, id=8644, stack(0x0000004863100000,0x0000004863200000) (1024K)]
  0x000001fbaf91dd30 JavaThread "jar transforms Thread 3"           [_thread_blocked, id=14460, stack(0x0000004863200000,0x0000004863300000) (1024K)]
  0x000001fbaf91e3c0 JavaThread "jar transforms Thread 4"           [_thread_blocked, id=17884, stack(0x0000004863300000,0x0000004863400000) (1024K)]
  0x000001fbaf91fe00 JavaThread "Unconstrained build operations"        [_thread_blocked, id=932, stack(0x0000004863400000,0x0000004863500000) (1024K)]
  0x000001fbaf918e70 JavaThread "Unconstrained build operations Thread 2"        [_thread_blocked, id=17516, stack(0x0000004863500000,0x0000004863600000) (1024K)]
  0x000001fbaf919500 JavaThread "Unconstrained build operations Thread 3"        [_thread_blocked, id=17080, stack(0x0000004863600000,0x0000004863700000) (1024K)]
  0x000001fbaf919b90 JavaThread "Unconstrained build operations Thread 4"        [_thread_blocked, id=15192, stack(0x0000004863700000,0x0000004863800000) (1024K)]
  0x000001fbb078c2d0 JavaThread "Unconstrained build operations Thread 5"        [_thread_blocked, id=16260, stack(0x0000004863800000,0x0000004863900000) (1024K)]
  0x000001fbb0792bd0 JavaThread "Unconstrained build operations Thread 6"        [_thread_blocked, id=12960, stack(0x0000004863900000,0x0000004863a00000) (1024K)]
  0x000001fbb078cff0 JavaThread "Unconstrained build operations Thread 7"        [_thread_blocked, id=6332, stack(0x0000004863a00000,0x0000004863b00000) (1024K)]
  0x000001fbb078c960 JavaThread "Unconstrained build operations Thread 8"        [_thread_blocked, id=16372, stack(0x0000004863b00000,0x0000004863c00000) (1024K)]
  0x000001fbb078d680 JavaThread "Unconstrained build operations Thread 9"        [_thread_blocked, id=16756, stack(0x0000004863c00000,0x0000004863d00000) (1024K)]
  0x000001fbb078dd10 JavaThread "Memory manager"                    [_thread_blocked, id=17492, stack(0x0000004863d00000,0x0000004863e00000) (1024K)]
  0x000001fbb078f750 JavaThread "included builds"                   [_thread_blocked, id=17496, stack(0x0000004860300000,0x0000004860400000) (1024K)]
  0x000001fbb078fde0 JavaThread "Execution worker"                  [_thread_blocked, id=6840, stack(0x0000004860500000,0x0000004860600000) (1024K)]
  0x000001fbb8237980 JavaThread "Execution worker Thread 2"         [_thread_blocked, id=15244, stack(0x0000004863e00000,0x0000004863f00000) (1024K)]
  0x000001fbb8239a50 JavaThread "Execution worker Thread 3"         [_thread_blocked, id=248, stack(0x0000004863f00000,0x0000004864000000) (1024K)]
  0x000001fbb82393c0 JavaThread "Cache worker for execution history cache (D:\Antigravity\wifibilling\pub_cache\hosted\pub.dev\print_bluetooth_thermal-1.1.9\android\.gradle\8.9\executionHistory)"        [_thread_blocked, id=8812, stack(0x0000004864000000,0x0000004864100000) (1024K)]
Total: 52

Other Threads:
  0x000001fbfe706450 VMThread "VM Thread"                           [id=11408, stack(0x0000004860c00000,0x0000004860d00000) (1024K)]
  0x000001fbfe6f6600 WatcherThread "VM Periodic Task Thread"        [id=9920, stack(0x0000004860b00000,0x0000004860c00000) (1024K)]
  0x000001fbfd75edf0 WorkerThread "GC Thread#0"                     [id=11092, stack(0x0000004860600000,0x0000004860700000) (1024K)]
  0x000001fb944263c0 WorkerThread "GC Thread#1"                     [id=13864, stack(0x0000004861700000,0x0000004861800000) (1024K)]
  0x000001fb944f3a40 WorkerThread "GC Thread#2"                     [id=12164, stack(0x0000004861800000,0x0000004861900000) (1024K)]
  0x000001fb944f3df0 WorkerThread "GC Thread#3"                     [id=2276, stack(0x0000004861900000,0x0000004861a00000) (1024K)]
  0x000001fbfd763c80 ConcurrentGCThread "G1 Main Marker"            [id=17296, stack(0x0000004860700000,0x0000004860800000) (1024K)]
  0x000001fbfb409fd0 WorkerThread "G1 Conc#0"                       [id=13888, stack(0x0000004860800000,0x0000004860900000) (1024K)]
  0x000001fbfd7fe630 ConcurrentGCThread "G1 Refine#0"               [id=17784, stack(0x0000004860900000,0x0000004860a00000) (1024K)]
  0x000001fbfe5c2460 ConcurrentGCThread "G1 Service"                [id=12284, stack(0x0000004860a00000,0x0000004860b00000) (1024K)]
Total: 10

Threads with active compile tasks:
C2 CompilerThread0  70804 10007       4       java.beans.Introspector::addMethod (241 bytes)
Total: 1

VM state: not at safepoint (normal execution)

VM Mutex/Monitor currently owned by a thread: None

Heap address: 0x00000000e0000000, size: 512 MB, Compressed Oops mode: 32-bit

CDS archive(s) mapped at: [0x000001fb95000000-0x000001fb95ba0000-0x000001fb95ba0000), size 12189696, SharedBaseAddress: 0x000001fb95000000, ArchiveRelocationMode: 1.
Compressed class space mapped at: 0x000001fb96000000-0x000001fbaa000000, reserved size: 335544320
Narrow klass base: 0x000001fb95000000, Narrow klass shift: 0, Narrow klass range: 0x100000000

GC Precious Log:
 CardTable entry size: 512
 Card Set container configuration: InlinePtr #cards 5 size 8 Array Of Cards #cards 12 size 40 Howl #buckets 4 coarsen threshold 1843 Howl Bitmap #cards 512 size 80 coarsen threshold 460 Card regions per heap region 1 cards per card region 2048
 CPUs: 4 total, 4 available
 Memory: 8092M
 Large Page Support: Disabled
 NUMA Support: Disabled
 Compressed Oops: Enabled (32-bit)
 Heap Region Size: 1M
 Heap Min Capacity: 256M
 Heap Initial Capacity: 256M
 Heap Max Capacity: 512M
 Pre-touch: Disabled
 Parallel Workers: 4
 Concurrent Workers: 1
 Concurrent Refinement Workers: 4
 Periodic GC: Disabled

Heap:
 garbage-first heap   total 262144K, used 102912K [0x00000000e0000000, 0x0000000100000000)
  region size 1024K, 17 young (17408K), 8 survivors (8192K)
 Metaspace       used 81065K, committed 83008K, reserved 458752K
  class space    used 11530K, committed 12480K, reserved 327680K

Heap Regions: E=young(eden), S=young(survivor), O=old, HS=humongous(starts), HC=humongous(continues), CS=collection set, F=free, TAMS=top-at-mark-start, PB=parsable bottom
|   0|0x00000000e0000000, 0x00000000e0100000, 0x00000000e0100000|100%|HS|  |TAMS 0x00000000e0000000| PB 0x00000000e0000000| Complete 
|   1|0x00000000e0100000, 0x00000000e0200000, 0x00000000e0200000|100%|HC|  |TAMS 0x00000000e0100000| PB 0x00000000e0100000| Complete 
|   2|0x00000000e0200000, 0x00000000e0300000, 0x00000000e0300000|100%|HC|  |TAMS 0x00000000e0200000| PB 0x00000000e0200000| Complete 
|   3|0x00000000e0300000, 0x00000000e0400000, 0x00000000e0400000|100%|HC|  |TAMS 0x00000000e0300000| PB 0x00000000e0300000| Complete 
|   4|0x00000000e0400000, 0x00000000e0500000, 0x00000000e0500000|100%| O|  |TAMS 0x00000000e0400000| PB 0x00000000e0400000| Untracked 
|   5|0x00000000e0500000, 0x00000000e0600000, 0x00000000e0600000|100%| O|  |TAMS 0x00000000e0500000| PB 0x00000000e0500000| Untracked 
|   6|0x00000000e0600000, 0x00000000e0700000, 0x00000000e0700000|100%| O|  |TAMS 0x00000000e0600000| PB 0x00000000e0600000| Untracked 
|   7|0x00000000e0700000, 0x00000000e0800000, 0x00000000e0800000|100%| O|  |TAMS 0x00000000e0700000| PB 0x00000000e0700000| Untracked 
|   8|0x00000000e0800000, 0x00000000e0900000, 0x00000000e0900000|100%|HS|  |TAMS 0x00000000e0800000| PB 0x00000000e0800000| Complete 
|   9|0x00000000e0900000, 0x00000000e0a00000, 0x00000000e0a00000|100%| O|  |TAMS 0x00000000e0900000| PB 0x00000000e0900000| Untracked 
|  10|0x00000000e0a00000, 0x00000000e0b00000, 0x00000000e0b00000|100%| O|  |TAMS 0x00000000e0a00000| PB 0x00000000e0a00000| Untracked 
|  11|0x00000000e0b00000, 0x00000000e0c00000, 0x00000000e0c00000|100%| O|  |TAMS 0x00000000e0b00000| PB 0x00000000e0b00000| Untracked 
|  12|0x00000000e0c00000, 0x00000000e0d00000, 0x00000000e0d00000|100%| O|  |TAMS 0x00000000e0c00000| PB 0x00000000e0c00000| Untracked 
|  13|0x00000000e0d00000, 0x00000000e0e00000, 0x00000000e0e00000|100%| O|  |TAMS 0x00000000e0d00000| PB 0x00000000e0d00000| Untracked 
|  14|0x00000000e0e00000, 0x00000000e0f00000, 0x00000000e0f00000|100%| O|  |TAMS 0x00000000e0e00000| PB 0x00000000e0e00000| Untracked 
|  15|0x00000000e0f00000, 0x00000000e1000000, 0x00000000e1000000|100%| O|  |TAMS 0x00000000e0f00000| PB 0x00000000e0f00000| Untracked 
|  16|0x00000000e1000000, 0x00000000e1100000, 0x00000000e1100000|100%| O|  |TAMS 0x00000000e1000000| PB 0x00000000e1000000| Untracked 
|  17|0x00000000e1100000, 0x00000000e1200000, 0x00000000e1200000|100%| O|  |TAMS 0x00000000e1100000| PB 0x00000000e1100000| Untracked 
|  18|0x00000000e1200000, 0x00000000e1300000, 0x00000000e1300000|100%| O|  |TAMS 0x00000000e1200000| PB 0x00000000e1200000| Untracked 
|  19|0x00000000e1300000, 0x00000000e1400000, 0x00000000e1400000|100%| O|  |TAMS 0x00000000e1300000| PB 0x00000000e1300000| Untracked 
|  20|0x00000000e1400000, 0x00000000e1400000, 0x00000000e1500000|  0%| F|  |TAMS 0x00000000e1400000| PB 0x00000000e1400000| Untracked 
|  21|0x00000000e1500000, 0x00000000e1500000, 0x00000000e1600000|  0%| F|  |TAMS 0x00000000e1500000| PB 0x00000000e1500000| Untracked 
|  22|0x00000000e1600000, 0x00000000e1700000, 0x00000000e1700000|100%|HS|  |TAMS 0x00000000e1600000| PB 0x00000000e1600000| Complete 
|  23|0x00000000e1700000, 0x00000000e1800000, 0x00000000e1800000|100%|HS|  |TAMS 0x00000000e1700000| PB 0x00000000e1700000| Complete 
|  24|0x00000000e1800000, 0x00000000e1900000, 0x00000000e1900000|100%|HC|  |TAMS 0x00000000e1800000| PB 0x00000000e1800000| Complete 
|  25|0x00000000e1900000, 0x00000000e1a00000, 0x00000000e1a00000|100%|HS|  |TAMS 0x00000000e1900000| PB 0x00000000e1900000| Complete 
|  26|0x00000000e1a00000, 0x00000000e1b00000, 0x00000000e1b00000|100%|HS|  |TAMS 0x00000000e1a00000| PB 0x00000000e1a00000| Complete 
|  27|0x00000000e1b00000, 0x00000000e1c00000, 0x00000000e1c00000|100%| O|  |TAMS 0x00000000e1b00000| PB 0x00000000e1b00000| Untracked 
|  28|0x00000000e1c00000, 0x00000000e1d00000, 0x00000000e1d00000|100%|HS|  |TAMS 0x00000000e1c00000| PB 0x00000000e1c00000| Complete 
|  29|0x00000000e1d00000, 0x00000000e1e00000, 0x00000000e1e00000|100%| O|  |TAMS 0x00000000e1d00000| PB 0x00000000e1d00000| Untracked 
|  30|0x00000000e1e00000, 0x00000000e1f00000, 0x00000000e1f00000|100%|HS|  |TAMS 0x00000000e1e00000| PB 0x00000000e1e00000| Complete 
|  31|0x00000000e1f00000, 0x00000000e2000000, 0x00000000e2000000|100%|HC|  |TAMS 0x00000000e1f00000| PB 0x00000000e1f00000| Complete 
|  32|0x00000000e2000000, 0x00000000e2100000, 0x00000000e2100000|100%|HC|  |TAMS 0x00000000e2000000| PB 0x00000000e2000000| Complete 
|  33|0x00000000e2100000, 0x00000000e2200000, 0x00000000e2200000|100%|HC|  |TAMS 0x00000000e2100000| PB 0x00000000e2100000| Complete 
|  34|0x00000000e2200000, 0x00000000e2300000, 0x00000000e2300000|100%| O|  |TAMS 0x00000000e2200000| PB 0x00000000e2200000| Untracked 
|  35|0x00000000e2300000, 0x00000000e2400000, 0x00000000e2400000|100%| O|  |TAMS 0x00000000e2300000| PB 0x00000000e2300000| Untracked 
|  36|0x00000000e2400000, 0x00000000e2500000, 0x00000000e2500000|100%| O|  |TAMS 0x00000000e2400000| PB 0x00000000e2400000| Untracked 
|  37|0x00000000e2500000, 0x00000000e2600000, 0x00000000e2600000|100%| O|  |TAMS 0x00000000e2500000| PB 0x00000000e2500000| Untracked 
|  38|0x00000000e2600000, 0x00000000e2700000, 0x00000000e2700000|100%| O|  |TAMS 0x00000000e2600000| PB 0x00000000e2600000| Untracked 
|  39|0x00000000e2700000, 0x00000000e2800000, 0x00000000e2800000|100%| O|  |TAMS 0x00000000e2700000| PB 0x00000000e2700000| Untracked 
|  40|0x00000000e2800000, 0x00000000e2900000, 0x00000000e2900000|100%| O|  |TAMS 0x00000000e2800000| PB 0x00000000e2800000| Untracked 
|  41|0x00000000e2900000, 0x00000000e2a00000, 0x00000000e2a00000|100%| O|  |TAMS 0x00000000e2900000| PB 0x00000000e2900000| Untracked 
|  42|0x00000000e2a00000, 0x00000000e2b00000, 0x00000000e2b00000|100%| O|  |TAMS 0x00000000e2a00000| PB 0x00000000e2a00000| Untracked 
|  43|0x00000000e2b00000, 0x00000000e2c00000, 0x00000000e2c00000|100%| O|  |TAMS 0x00000000e2b00000| PB 0x00000000e2b00000| Untracked 
|  44|0x00000000e2c00000, 0x00000000e2d00000, 0x00000000e2d00000|100%| O|  |TAMS 0x00000000e2c00000| PB 0x00000000e2c00000| Untracked 
|  45|0x00000000e2d00000, 0x00000000e2e00000, 0x00000000e2e00000|100%| O|  |TAMS 0x00000000e2d00000| PB 0x00000000e2d00000| Untracked 
|  46|0x00000000e2e00000, 0x00000000e2f00000, 0x00000000e2f00000|100%| O|  |TAMS 0x00000000e2e00000| PB 0x00000000e2e00000| Untracked 
|  47|0x00000000e2f00000, 0x00000000e3000000, 0x00000000e3000000|100%| O|  |TAMS 0x00000000e2f00000| PB 0x00000000e2f00000| Untracked 
|  48|0x00000000e3000000, 0x00000000e3100000, 0x00000000e3100000|100%| O|  |TAMS 0x00000000e3000000| PB 0x00000000e3000000| Untracked 
|  49|0x00000000e3100000, 0x00000000e3200000, 0x00000000e3200000|100%| O|  |TAMS 0x00000000e3100000| PB 0x00000000e3100000| Untracked 
|  50|0x00000000e3200000, 0x00000000e3300000, 0x00000000e3300000|100%| O|  |TAMS 0x00000000e3200000| PB 0x00000000e3200000| Untracked 
|  51|0x00000000e3300000, 0x00000000e3400000, 0x00000000e3400000|100%| O|  |TAMS 0x00000000e3300000| PB 0x00000000e3300000| Untracked 
|  52|0x00000000e3400000, 0x00000000e3500000, 0x00000000e3500000|100%| O|  |TAMS 0x00000000e3400000| PB 0x00000000e3400000| Untracked 
|  53|0x00000000e3500000, 0x00000000e3600000, 0x00000000e3600000|100%| O|  |TAMS 0x00000000e3500000| PB 0x00000000e3500000| Untracked 
|  54|0x00000000e3600000, 0x00000000e3700000, 0x00000000e3700000|100%|HS|  |TAMS 0x00000000e3600000| PB 0x00000000e3600000| Complete 
|  55|0x00000000e3700000, 0x00000000e3800000, 0x00000000e3800000|100%|HC|  |TAMS 0x00000000e3700000| PB 0x00000000e3700000| Complete 
|  56|0x00000000e3800000, 0x00000000e3900000, 0x00000000e3900000|100%| O|  |TAMS 0x00000000e3800000| PB 0x00000000e3800000| Untracked 
|  57|0x00000000e3900000, 0x00000000e3a00000, 0x00000000e3a00000|100%| O|  |TAMS 0x00000000e3900000| PB 0x00000000e3900000| Untracked 
|  58|0x00000000e3a00000, 0x00000000e3b00000, 0x00000000e3b00000|100%| O|  |TAMS 0x00000000e3a00000| PB 0x00000000e3a00000| Untracked 
|  59|0x00000000e3b00000, 0x00000000e3c00000, 0x00000000e3c00000|100%| O|  |TAMS 0x00000000e3b00000| PB 0x00000000e3b00000| Untracked 
|  60|0x00000000e3c00000, 0x00000000e3d00000, 0x00000000e3d00000|100%| O|  |TAMS 0x00000000e3c00000| PB 0x00000000e3c00000| Untracked 
|  61|0x00000000e3d00000, 0x00000000e3e00000, 0x00000000e3e00000|100%| O|  |TAMS 0x00000000e3d00000| PB 0x00000000e3d00000| Untracked 
|  62|0x00000000e3e00000, 0x00000000e3f00000, 0x00000000e3f00000|100%| O|  |TAMS 0x00000000e3e00000| PB 0x00000000e3e00000| Untracked 
|  63|0x00000000e3f00000, 0x00000000e4000000, 0x00000000e4000000|100%| O|  |TAMS 0x00000000e3f00000| PB 0x00000000e3f00000| Untracked 
|  64|0x00000000e4000000, 0x00000000e4100000, 0x00000000e4100000|100%| O|  |TAMS 0x00000000e4000000| PB 0x00000000e4000000| Untracked 
|  65|0x00000000e4100000, 0x00000000e4200000, 0x00000000e4200000|100%| O|  |TAMS 0x00000000e4100000| PB 0x00000000e4100000| Untracked 
|  66|0x00000000e4200000, 0x00000000e4300000, 0x00000000e4300000|100%| O|  |TAMS 0x00000000e4200000| PB 0x00000000e4200000| Untracked 
|  67|0x00000000e4300000, 0x00000000e4400000, 0x00000000e4400000|100%| O|  |TAMS 0x00000000e4300000| PB 0x00000000e4300000| Untracked 
|  68|0x00000000e4400000, 0x00000000e4500000, 0x00000000e4500000|100%| O|  |TAMS 0x00000000e4400000| PB 0x00000000e4400000| Untracked 
|  69|0x00000000e4500000, 0x00000000e4600000, 0x00000000e4600000|100%|HS|  |TAMS 0x00000000e4500000| PB 0x00000000e4500000| Complete 
|  70|0x00000000e4600000, 0x00000000e4700000, 0x00000000e4700000|100%|HC|  |TAMS 0x00000000e4600000| PB 0x00000000e4600000| Complete 
|  71|0x00000000e4700000, 0x00000000e4800000, 0x00000000e4800000|100%|HC|  |TAMS 0x00000000e4700000| PB 0x00000000e4700000| Complete 
|  72|0x00000000e4800000, 0x00000000e4900000, 0x00000000e4900000|100%|HC|  |TAMS 0x00000000e4800000| PB 0x00000000e4800000| Complete 
|  73|0x00000000e4900000, 0x00000000e4a00000, 0x00000000e4a00000|100%| O|  |TAMS 0x00000000e4900000| PB 0x00000000e4900000| Untracked 
|  74|0x00000000e4a00000, 0x00000000e4b00000, 0x00000000e4b00000|100%| O|  |TAMS 0x00000000e4a00000| PB 0x00000000e4a00000| Untracked 
|  75|0x00000000e4b00000, 0x00000000e4c00000, 0x00000000e4c00000|100%| O|  |TAMS 0x00000000e4b00000| PB 0x00000000e4b00000| Untracked 
|  76|0x00000000e4c00000, 0x00000000e4d00000, 0x00000000e4d00000|100%| O|  |TAMS 0x00000000e4c00000| PB 0x00000000e4c00000| Untracked 
|  77|0x00000000e4d00000, 0x00000000e4e00000, 0x00000000e4e00000|100%| O|  |TAMS 0x00000000e4d00000| PB 0x00000000e4d00000| Untracked 
|  78|0x00000000e4e00000, 0x00000000e4f00000, 0x00000000e4f00000|100%| O|  |TAMS 0x00000000e4e00000| PB 0x00000000e4e00000| Untracked 
|  79|0x00000000e4f00000, 0x00000000e5000000, 0x00000000e5000000|100%| O|  |TAMS 0x00000000e4f00000| PB 0x00000000e4f00000| Untracked 
|  80|0x00000000e5000000, 0x00000000e5100000, 0x00000000e5100000|100%| O|  |TAMS 0x00000000e5000000| PB 0x00000000e5000000| Untracked 
|  81|0x00000000e5100000, 0x00000000e5200000, 0x00000000e5200000|100%| O|  |TAMS 0x00000000e5100000| PB 0x00000000e5100000| Untracked 
|  82|0x00000000e5200000, 0x00000000e5300000, 0x00000000e5300000|100%| O|  |TAMS 0x00000000e5200000| PB 0x00000000e5200000| Untracked 
|  83|0x00000000e5300000, 0x00000000e5400000, 0x00000000e5400000|100%| O|  |TAMS 0x00000000e5300000| PB 0x00000000e5300000| Untracked 
|  84|0x00000000e5400000, 0x00000000e5500000, 0x00000000e5500000|100%| O|  |TAMS 0x00000000e5400000| PB 0x00000000e5400000| Untracked 
|  85|0x00000000e5500000, 0x00000000e5600000, 0x00000000e5600000|100%| O|  |TAMS 0x00000000e5500000| PB 0x00000000e5500000| Untracked 
|  86|0x00000000e5600000, 0x00000000e5700000, 0x00000000e5700000|100%| O|  |TAMS 0x00000000e5600000| PB 0x00000000e5600000| Untracked 
|  87|0x00000000e5700000, 0x00000000e5700000, 0x00000000e5800000|  0%| F|  |TAMS 0x00000000e5700000| PB 0x00000000e5700000| Untracked 
|  88|0x00000000e5800000, 0x00000000e5800000, 0x00000000e5900000|  0%| F|  |TAMS 0x00000000e5800000| PB 0x00000000e5800000| Untracked 
|  89|0x00000000e5900000, 0x00000000e5900000, 0x00000000e5a00000|  0%| F|  |TAMS 0x00000000e5900000| PB 0x00000000e5900000| Untracked 
|  90|0x00000000e5a00000, 0x00000000e5a00000, 0x00000000e5b00000|  0%| F|  |TAMS 0x00000000e5a00000| PB 0x00000000e5a00000| Untracked 
|  91|0x00000000e5b00000, 0x00000000e5b00000, 0x00000000e5c00000|  0%| F|  |TAMS 0x00000000e5b00000| PB 0x00000000e5b00000| Untracked 
|  92|0x00000000e5c00000, 0x00000000e5c00000, 0x00000000e5d00000|  0%| F|  |TAMS 0x00000000e5c00000| PB 0x00000000e5c00000| Untracked 
|  93|0x00000000e5d00000, 0x00000000e5d00000, 0x00000000e5e00000|  0%| F|  |TAMS 0x00000000e5d00000| PB 0x00000000e5d00000| Untracked 
|  94|0x00000000e5e00000, 0x00000000e5e00000, 0x00000000e5f00000|  0%| F|  |TAMS 0x00000000e5e00000| PB 0x00000000e5e00000| Untracked 
|  95|0x00000000e5f00000, 0x00000000e5f00000, 0x00000000e6000000|  0%| F|  |TAMS 0x00000000e5f00000| PB 0x00000000e5f00000| Untracked 
|  96|0x00000000e6000000, 0x00000000e6000000, 0x00000000e6100000|  0%| F|  |TAMS 0x00000000e6000000| PB 0x00000000e6000000| Untracked 
|  97|0x00000000e6100000, 0x00000000e6100000, 0x00000000e6200000|  0%| F|  |TAMS 0x00000000e6100000| PB 0x00000000e6100000| Untracked 
|  98|0x00000000e6200000, 0x00000000e6200000, 0x00000000e6300000|  0%| F|  |TAMS 0x00000000e6200000| PB 0x00000000e6200000| Untracked 
|  99|0x00000000e6300000, 0x00000000e6300000, 0x00000000e6400000|  0%| F|  |TAMS 0x00000000e6300000| PB 0x00000000e6300000| Untracked 
| 100|0x00000000e6400000, 0x00000000e6400000, 0x00000000e6500000|  0%| F|  |TAMS 0x00000000e6400000| PB 0x00000000e6400000| Untracked 
| 101|0x00000000e6500000, 0x00000000e6500000, 0x00000000e6600000|  0%| F|  |TAMS 0x00000000e6500000| PB 0x00000000e6500000| Untracked 
| 102|0x00000000e6600000, 0x00000000e6600000, 0x00000000e6700000|  0%| F|  |TAMS 0x00000000e6600000| PB 0x00000000e6600000| Untracked 
| 103|0x00000000e6700000, 0x00000000e6700000, 0x00000000e6800000|  0%| F|  |TAMS 0x00000000e6700000| PB 0x00000000e6700000| Untracked 
| 104|0x00000000e6800000, 0x00000000e6800000, 0x00000000e6900000|  0%| F|  |TAMS 0x00000000e6800000| PB 0x00000000e6800000| Untracked 
| 105|0x00000000e6900000, 0x00000000e6900000, 0x00000000e6a00000|  0%| F|  |TAMS 0x00000000e6900000| PB 0x00000000e6900000| Untracked 
| 106|0x00000000e6a00000, 0x00000000e6a00000, 0x00000000e6b00000|  0%| F|  |TAMS 0x00000000e6a00000| PB 0x00000000e6a00000| Untracked 
| 107|0x00000000e6b00000, 0x00000000e6b00000, 0x00000000e6c00000|  0%| F|  |TAMS 0x00000000e6b00000| PB 0x00000000e6b00000| Untracked 
| 108|0x00000000e6c00000, 0x00000000e6c00000, 0x00000000e6d00000|  0%| F|  |TAMS 0x00000000e6c00000| PB 0x00000000e6c00000| Untracked 
| 109|0x00000000e6d00000, 0x00000000e6d00000, 0x00000000e6e00000|  0%| F|  |TAMS 0x00000000e6d00000| PB 0x00000000e6d00000| Untracked 
| 110|0x00000000e6e00000, 0x00000000e6e00000, 0x00000000e6f00000|  0%| F|  |TAMS 0x00000000e6e00000| PB 0x00000000e6e00000| Untracked 
| 111|0x00000000e6f00000, 0x00000000e6f00000, 0x00000000e7000000|  0%| F|  |TAMS 0x00000000e6f00000| PB 0x00000000e6f00000| Untracked 
| 112|0x00000000e7000000, 0x00000000e7000000, 0x00000000e7100000|  0%| F|  |TAMS 0x00000000e7000000| PB 0x00000000e7000000| Untracked 
| 113|0x00000000e7100000, 0x00000000e7180000, 0x00000000e7200000| 50%| S|CS|TAMS 0x00000000e7100000| PB 0x00000000e7100000| Complete 
| 114|0x00000000e7200000, 0x00000000e7300000, 0x00000000e7300000|100%| S|CS|TAMS 0x00000000e7200000| PB 0x00000000e7200000| Complete 
| 115|0x00000000e7300000, 0x00000000e7400000, 0x00000000e7400000|100%| S|CS|TAMS 0x00000000e7300000| PB 0x00000000e7300000| Complete 
| 116|0x00000000e7400000, 0x00000000e7500000, 0x00000000e7500000|100%| S|CS|TAMS 0x00000000e7400000| PB 0x00000000e7400000| Complete 
| 117|0x00000000e7500000, 0x00000000e7600000, 0x00000000e7600000|100%| S|CS|TAMS 0x00000000e7500000| PB 0x00000000e7500000| Complete 
| 118|0x00000000e7600000, 0x00000000e7700000, 0x00000000e7700000|100%| S|CS|TAMS 0x00000000e7600000| PB 0x00000000e7600000| Complete 
| 119|0x00000000e7700000, 0x00000000e7800000, 0x00000000e7800000|100%| S|CS|TAMS 0x00000000e7700000| PB 0x00000000e7700000| Complete 
| 120|0x00000000e7800000, 0x00000000e7900000, 0x00000000e7900000|100%| S|CS|TAMS 0x00000000e7800000| PB 0x00000000e7800000| Complete 
| 121|0x00000000e7900000, 0x00000000e7900000, 0x00000000e7a00000|  0%| F|  |TAMS 0x00000000e7900000| PB 0x00000000e7900000| Untracked 
| 122|0x00000000e7a00000, 0x00000000e7a00000, 0x00000000e7b00000|  0%| F|  |TAMS 0x00000000e7a00000| PB 0x00000000e7a00000| Untracked 
| 123|0x00000000e7b00000, 0x00000000e7b00000, 0x00000000e7c00000|  0%| F|  |TAMS 0x00000000e7b00000| PB 0x00000000e7b00000| Untracked 
| 124|0x00000000e7c00000, 0x00000000e7c00000, 0x00000000e7d00000|  0%| F|  |TAMS 0x00000000e7c00000| PB 0x00000000e7c00000| Untracked 
| 125|0x00000000e7d00000, 0x00000000e7d00000, 0x00000000e7e00000|  0%| F|  |TAMS 0x00000000e7d00000| PB 0x00000000e7d00000| Untracked 
| 126|0x00000000e7e00000, 0x00000000e7e00000, 0x00000000e7f00000|  0%| F|  |TAMS 0x00000000e7e00000| PB 0x00000000e7e00000| Untracked 
| 127|0x00000000e7f00000, 0x00000000e7f00000, 0x00000000e8000000|  0%| F|  |TAMS 0x00000000e7f00000| PB 0x00000000e7f00000| Untracked 
| 128|0x00000000e8000000, 0x00000000e8000000, 0x00000000e8100000|  0%| F|  |TAMS 0x00000000e8000000| PB 0x00000000e8000000| Untracked 
| 129|0x00000000e8100000, 0x00000000e8100000, 0x00000000e8200000|  0%| F|  |TAMS 0x00000000e8100000| PB 0x00000000e8100000| Untracked 
| 130|0x00000000e8200000, 0x00000000e8200000, 0x00000000e8300000|  0%| F|  |TAMS 0x00000000e8200000| PB 0x00000000e8200000| Untracked 
| 131|0x00000000e8300000, 0x00000000e8300000, 0x00000000e8400000|  0%| F|  |TAMS 0x00000000e8300000| PB 0x00000000e8300000| Untracked 
| 132|0x00000000e8400000, 0x00000000e8400000, 0x00000000e8500000|  0%| F|  |TAMS 0x00000000e8400000| PB 0x00000000e8400000| Untracked 
| 133|0x00000000e8500000, 0x00000000e8500000, 0x00000000e8600000|  0%| F|  |TAMS 0x00000000e8500000| PB 0x00000000e8500000| Untracked 
| 134|0x00000000e8600000, 0x00000000e8600000, 0x00000000e8700000|  0%| F|  |TAMS 0x00000000e8600000| PB 0x00000000e8600000| Untracked 
| 135|0x00000000e8700000, 0x00000000e8700000, 0x00000000e8800000|  0%| F|  |TAMS 0x00000000e8700000| PB 0x00000000e8700000| Untracked 
| 136|0x00000000e8800000, 0x00000000e8800000, 0x00000000e8900000|  0%| F|  |TAMS 0x00000000e8800000| PB 0x00000000e8800000| Untracked 
| 137|0x00000000e8900000, 0x00000000e8900000, 0x00000000e8a00000|  0%| F|  |TAMS 0x00000000e8900000| PB 0x00000000e8900000| Untracked 
| 138|0x00000000e8a00000, 0x00000000e8a00000, 0x00000000e8b00000|  0%| F|  |TAMS 0x00000000e8a00000| PB 0x00000000e8a00000| Untracked 
| 139|0x00000000e8b00000, 0x00000000e8b00000, 0x00000000e8c00000|  0%| F|  |TAMS 0x00000000e8b00000| PB 0x00000000e8b00000| Untracked 
| 140|0x00000000e8c00000, 0x00000000e8c00000, 0x00000000e8d00000|  0%| F|  |TAMS 0x00000000e8c00000| PB 0x00000000e8c00000| Untracked 
| 141|0x00000000e8d00000, 0x00000000e8d00000, 0x00000000e8e00000|  0%| F|  |TAMS 0x00000000e8d00000| PB 0x00000000e8d00000| Untracked 
| 142|0x00000000e8e00000, 0x00000000e8e00000, 0x00000000e8f00000|  0%| F|  |TAMS 0x00000000e8e00000| PB 0x00000000e8e00000| Untracked 
| 143|0x00000000e8f00000, 0x00000000e8f00000, 0x00000000e9000000|  0%| F|  |TAMS 0x00000000e8f00000| PB 0x00000000e8f00000| Untracked 
| 144|0x00000000e9000000, 0x00000000e9000000, 0x00000000e9100000|  0%| F|  |TAMS 0x00000000e9000000| PB 0x00000000e9000000| Untracked 
| 145|0x00000000e9100000, 0x00000000e9100000, 0x00000000e9200000|  0%| F|  |TAMS 0x00000000e9100000| PB 0x00000000e9100000| Untracked 
| 146|0x00000000e9200000, 0x00000000e9200000, 0x00000000e9300000|  0%| F|  |TAMS 0x00000000e9200000| PB 0x00000000e9200000| Untracked 
| 147|0x00000000e9300000, 0x00000000e9300000, 0x00000000e9400000|  0%| F|  |TAMS 0x00000000e9300000| PB 0x00000000e9300000| Untracked 
| 148|0x00000000e9400000, 0x00000000e9400000, 0x00000000e9500000|  0%| F|  |TAMS 0x00000000e9400000| PB 0x00000000e9400000| Untracked 
| 149|0x00000000e9500000, 0x00000000e9500000, 0x00000000e9600000|  0%| F|  |TAMS 0x00000000e9500000| PB 0x00000000e9500000| Untracked 
| 150|0x00000000e9600000, 0x00000000e9600000, 0x00000000e9700000|  0%| F|  |TAMS 0x00000000e9600000| PB 0x00000000e9600000| Untracked 
| 151|0x00000000e9700000, 0x00000000e9700000, 0x00000000e9800000|  0%| F|  |TAMS 0x00000000e9700000| PB 0x00000000e9700000| Untracked 
| 152|0x00000000e9800000, 0x00000000e9800000, 0x00000000e9900000|  0%| F|  |TAMS 0x00000000e9800000| PB 0x00000000e9800000| Untracked 
| 153|0x00000000e9900000, 0x00000000e9900000, 0x00000000e9a00000|  0%| F|  |TAMS 0x00000000e9900000| PB 0x00000000e9900000| Untracked 
| 154|0x00000000e9a00000, 0x00000000e9a00000, 0x00000000e9b00000|  0%| F|  |TAMS 0x00000000e9a00000| PB 0x00000000e9a00000| Untracked 
| 155|0x00000000e9b00000, 0x00000000e9b00000, 0x00000000e9c00000|  0%| F|  |TAMS 0x00000000e9b00000| PB 0x00000000e9b00000| Untracked 
| 156|0x00000000e9c00000, 0x00000000e9c00000, 0x00000000e9d00000|  0%| F|  |TAMS 0x00000000e9c00000| PB 0x00000000e9c00000| Untracked 
| 157|0x00000000e9d00000, 0x00000000e9d00000, 0x00000000e9e00000|  0%| F|  |TAMS 0x00000000e9d00000| PB 0x00000000e9d00000| Untracked 
| 158|0x00000000e9e00000, 0x00000000e9e00000, 0x00000000e9f00000|  0%| F|  |TAMS 0x00000000e9e00000| PB 0x00000000e9e00000| Untracked 
| 159|0x00000000e9f00000, 0x00000000e9f00000, 0x00000000ea000000|  0%| F|  |TAMS 0x00000000e9f00000| PB 0x00000000e9f00000| Untracked 
| 160|0x00000000ea000000, 0x00000000ea000000, 0x00000000ea100000|  0%| F|  |TAMS 0x00000000ea000000| PB 0x00000000ea000000| Untracked 
| 161|0x00000000ea100000, 0x00000000ea100000, 0x00000000ea200000|  0%| F|  |TAMS 0x00000000ea100000| PB 0x00000000ea100000| Untracked 
| 162|0x00000000ea200000, 0x00000000ea200000, 0x00000000ea300000|  0%| F|  |TAMS 0x00000000ea200000| PB 0x00000000ea200000| Untracked 
| 163|0x00000000ea300000, 0x00000000ea300000, 0x00000000ea400000|  0%| F|  |TAMS 0x00000000ea300000| PB 0x00000000ea300000| Untracked 
| 164|0x00000000ea400000, 0x00000000ea400000, 0x00000000ea500000|  0%| F|  |TAMS 0x00000000ea400000| PB 0x00000000ea400000| Untracked 
| 165|0x00000000ea500000, 0x00000000ea500000, 0x00000000ea600000|  0%| F|  |TAMS 0x00000000ea500000| PB 0x00000000ea500000| Untracked 
| 166|0x00000000ea600000, 0x00000000ea600000, 0x00000000ea700000|  0%| F|  |TAMS 0x00000000ea600000| PB 0x00000000ea600000| Untracked 
| 167|0x00000000ea700000, 0x00000000ea700000, 0x00000000ea800000|  0%| F|  |TAMS 0x00000000ea700000| PB 0x00000000ea700000| Untracked 
| 168|0x00000000ea800000, 0x00000000ea800000, 0x00000000ea900000|  0%| F|  |TAMS 0x00000000ea800000| PB 0x00000000ea800000| Untracked 
| 169|0x00000000ea900000, 0x00000000ea900000, 0x00000000eaa00000|  0%| F|  |TAMS 0x00000000ea900000| PB 0x00000000ea900000| Untracked 
| 170|0x00000000eaa00000, 0x00000000eaa00000, 0x00000000eab00000|  0%| F|  |TAMS 0x00000000eaa00000| PB 0x00000000eaa00000| Untracked 
| 171|0x00000000eab00000, 0x00000000eab00000, 0x00000000eac00000|  0%| F|  |TAMS 0x00000000eab00000| PB 0x00000000eab00000| Untracked 
| 172|0x00000000eac00000, 0x00000000eac00000, 0x00000000ead00000|  0%| F|  |TAMS 0x00000000eac00000| PB 0x00000000eac00000| Untracked 
| 173|0x00000000ead00000, 0x00000000ead00000, 0x00000000eae00000|  0%| F|  |TAMS 0x00000000ead00000| PB 0x00000000ead00000| Untracked 
| 174|0x00000000eae00000, 0x00000000eae00000, 0x00000000eaf00000|  0%| F|  |TAMS 0x00000000eae00000| PB 0x00000000eae00000| Untracked 
| 175|0x00000000eaf00000, 0x00000000eaf00000, 0x00000000eb000000|  0%| F|  |TAMS 0x00000000eaf00000| PB 0x00000000eaf00000| Untracked 
| 176|0x00000000eb000000, 0x00000000eb000000, 0x00000000eb100000|  0%| F|  |TAMS 0x00000000eb000000| PB 0x00000000eb000000| Untracked 
| 177|0x00000000eb100000, 0x00000000eb100000, 0x00000000eb200000|  0%| F|  |TAMS 0x00000000eb100000| PB 0x00000000eb100000| Untracked 
| 178|0x00000000eb200000, 0x00000000eb200000, 0x00000000eb300000|  0%| F|  |TAMS 0x00000000eb200000| PB 0x00000000eb200000| Untracked 
| 179|0x00000000eb300000, 0x00000000eb300000, 0x00000000eb400000|  0%| F|  |TAMS 0x00000000eb300000| PB 0x00000000eb300000| Untracked 
| 180|0x00000000eb400000, 0x00000000eb400000, 0x00000000eb500000|  0%| F|  |TAMS 0x00000000eb400000| PB 0x00000000eb400000| Untracked 
| 181|0x00000000eb500000, 0x00000000eb500000, 0x00000000eb600000|  0%| F|  |TAMS 0x00000000eb500000| PB 0x00000000eb500000| Untracked 
| 182|0x00000000eb600000, 0x00000000eb600000, 0x00000000eb700000|  0%| F|  |TAMS 0x00000000eb600000| PB 0x00000000eb600000| Untracked 
| 183|0x00000000eb700000, 0x00000000eb700000, 0x00000000eb800000|  0%| F|  |TAMS 0x00000000eb700000| PB 0x00000000eb700000| Untracked 
| 184|0x00000000eb800000, 0x00000000eb800000, 0x00000000eb900000|  0%| F|  |TAMS 0x00000000eb800000| PB 0x00000000eb800000| Untracked 
| 185|0x00000000eb900000, 0x00000000eb900000, 0x00000000eba00000|  0%| F|  |TAMS 0x00000000eb900000| PB 0x00000000eb900000| Untracked 
| 186|0x00000000eba00000, 0x00000000eba00000, 0x00000000ebb00000|  0%| F|  |TAMS 0x00000000eba00000| PB 0x00000000eba00000| Untracked 
| 187|0x00000000ebb00000, 0x00000000ebb00000, 0x00000000ebc00000|  0%| F|  |TAMS 0x00000000ebb00000| PB 0x00000000ebb00000| Untracked 
| 188|0x00000000ebc00000, 0x00000000ebc00000, 0x00000000ebd00000|  0%| F|  |TAMS 0x00000000ebc00000| PB 0x00000000ebc00000| Untracked 
| 189|0x00000000ebd00000, 0x00000000ebd00000, 0x00000000ebe00000|  0%| F|  |TAMS 0x00000000ebd00000| PB 0x00000000ebd00000| Untracked 
| 190|0x00000000ebe00000, 0x00000000ebe00000, 0x00000000ebf00000|  0%| F|  |TAMS 0x00000000ebe00000| PB 0x00000000ebe00000| Untracked 
| 191|0x00000000ebf00000, 0x00000000ebf00000, 0x00000000ec000000|  0%| F|  |TAMS 0x00000000ebf00000| PB 0x00000000ebf00000| Untracked 
| 192|0x00000000ec000000, 0x00000000ec000000, 0x00000000ec100000|  0%| F|  |TAMS 0x00000000ec000000| PB 0x00000000ec000000| Untracked 
| 193|0x00000000ec100000, 0x00000000ec100000, 0x00000000ec200000|  0%| F|  |TAMS 0x00000000ec100000| PB 0x00000000ec100000| Untracked 
| 194|0x00000000ec200000, 0x00000000ec200000, 0x00000000ec300000|  0%| F|  |TAMS 0x00000000ec200000| PB 0x00000000ec200000| Untracked 
| 195|0x00000000ec300000, 0x00000000ec300000, 0x00000000ec400000|  0%| F|  |TAMS 0x00000000ec300000| PB 0x00000000ec300000| Untracked 
| 196|0x00000000ec400000, 0x00000000ec400000, 0x00000000ec500000|  0%| F|  |TAMS 0x00000000ec400000| PB 0x00000000ec400000| Untracked 
| 197|0x00000000ec500000, 0x00000000ec500000, 0x00000000ec600000|  0%| F|  |TAMS 0x00000000ec500000| PB 0x00000000ec500000| Untracked 
| 198|0x00000000ec600000, 0x00000000ec600000, 0x00000000ec700000|  0%| F|  |TAMS 0x00000000ec600000| PB 0x00000000ec600000| Untracked 
| 199|0x00000000ec700000, 0x00000000ec700000, 0x00000000ec800000|  0%| F|  |TAMS 0x00000000ec700000| PB 0x00000000ec700000| Untracked 
| 200|0x00000000ec800000, 0x00000000ec800000, 0x00000000ec900000|  0%| F|  |TAMS 0x00000000ec800000| PB 0x00000000ec800000| Untracked 
| 201|0x00000000ec900000, 0x00000000ec900000, 0x00000000eca00000|  0%| F|  |TAMS 0x00000000ec900000| PB 0x00000000ec900000| Untracked 
| 202|0x00000000eca00000, 0x00000000eca00000, 0x00000000ecb00000|  0%| F|  |TAMS 0x00000000eca00000| PB 0x00000000eca00000| Untracked 
| 203|0x00000000ecb00000, 0x00000000ecb00000, 0x00000000ecc00000|  0%| F|  |TAMS 0x00000000ecb00000| PB 0x00000000ecb00000| Untracked 
| 204|0x00000000ecc00000, 0x00000000ecc00000, 0x00000000ecd00000|  0%| F|  |TAMS 0x00000000ecc00000| PB 0x00000000ecc00000| Untracked 
| 205|0x00000000ecd00000, 0x00000000ecd00000, 0x00000000ece00000|  0%| F|  |TAMS 0x00000000ecd00000| PB 0x00000000ecd00000| Untracked 
| 206|0x00000000ece00000, 0x00000000ece00000, 0x00000000ecf00000|  0%| F|  |TAMS 0x00000000ece00000| PB 0x00000000ece00000| Untracked 
| 207|0x00000000ecf00000, 0x00000000ecf00000, 0x00000000ed000000|  0%| F|  |TAMS 0x00000000ecf00000| PB 0x00000000ecf00000| Untracked 
| 208|0x00000000ed000000, 0x00000000ed000000, 0x00000000ed100000|  0%| F|  |TAMS 0x00000000ed000000| PB 0x00000000ed000000| Untracked 
| 209|0x00000000ed100000, 0x00000000ed100000, 0x00000000ed200000|  0%| F|  |TAMS 0x00000000ed100000| PB 0x00000000ed100000| Untracked 
| 210|0x00000000ed200000, 0x00000000ed200000, 0x00000000ed300000|  0%| F|  |TAMS 0x00000000ed200000| PB 0x00000000ed200000| Untracked 
| 211|0x00000000ed300000, 0x00000000ed300000, 0x00000000ed400000|  0%| F|  |TAMS 0x00000000ed300000| PB 0x00000000ed300000| Untracked 
| 212|0x00000000ed400000, 0x00000000ed400000, 0x00000000ed500000|  0%| F|  |TAMS 0x00000000ed400000| PB 0x00000000ed400000| Untracked 
| 213|0x00000000ed500000, 0x00000000ed500000, 0x00000000ed600000|  0%| F|  |TAMS 0x00000000ed500000| PB 0x00000000ed500000| Untracked 
| 214|0x00000000ed600000, 0x00000000ed600000, 0x00000000ed700000|  0%| F|  |TAMS 0x00000000ed600000| PB 0x00000000ed600000| Untracked 
| 215|0x00000000ed700000, 0x00000000ed700000, 0x00000000ed800000|  0%| F|  |TAMS 0x00000000ed700000| PB 0x00000000ed700000| Untracked 
| 216|0x00000000ed800000, 0x00000000ed800000, 0x00000000ed900000|  0%| F|  |TAMS 0x00000000ed800000| PB 0x00000000ed800000| Untracked 
| 217|0x00000000ed900000, 0x00000000ed900000, 0x00000000eda00000|  0%| F|  |TAMS 0x00000000ed900000| PB 0x00000000ed900000| Untracked 
| 218|0x00000000eda00000, 0x00000000eda00000, 0x00000000edb00000|  0%| F|  |TAMS 0x00000000eda00000| PB 0x00000000eda00000| Untracked 
| 219|0x00000000edb00000, 0x00000000edb00000, 0x00000000edc00000|  0%| F|  |TAMS 0x00000000edb00000| PB 0x00000000edb00000| Untracked 
| 220|0x00000000edc00000, 0x00000000edc00000, 0x00000000edd00000|  0%| F|  |TAMS 0x00000000edc00000| PB 0x00000000edc00000| Untracked 
| 221|0x00000000edd00000, 0x00000000edd00000, 0x00000000ede00000|  0%| F|  |TAMS 0x00000000edd00000| PB 0x00000000edd00000| Untracked 
| 222|0x00000000ede00000, 0x00000000ede00000, 0x00000000edf00000|  0%| F|  |TAMS 0x00000000ede00000| PB 0x00000000ede00000| Untracked 
| 223|0x00000000edf00000, 0x00000000edf00000, 0x00000000ee000000|  0%| F|  |TAMS 0x00000000edf00000| PB 0x00000000edf00000| Untracked 
| 224|0x00000000ee000000, 0x00000000ee000000, 0x00000000ee100000|  0%| F|  |TAMS 0x00000000ee000000| PB 0x00000000ee000000| Untracked 
| 225|0x00000000ee100000, 0x00000000ee100000, 0x00000000ee200000|  0%| F|  |TAMS 0x00000000ee100000| PB 0x00000000ee100000| Untracked 
| 226|0x00000000ee200000, 0x00000000ee200000, 0x00000000ee300000|  0%| F|  |TAMS 0x00000000ee200000| PB 0x00000000ee200000| Untracked 
| 227|0x00000000ee300000, 0x00000000ee300000, 0x00000000ee400000|  0%| F|  |TAMS 0x00000000ee300000| PB 0x00000000ee300000| Untracked 
| 228|0x00000000ee400000, 0x00000000ee400000, 0x00000000ee500000|  0%| F|  |TAMS 0x00000000ee400000| PB 0x00000000ee400000| Untracked 
| 229|0x00000000ee500000, 0x00000000ee500000, 0x00000000ee600000|  0%| F|  |TAMS 0x00000000ee500000| PB 0x00000000ee500000| Untracked 
| 230|0x00000000ee600000, 0x00000000ee600000, 0x00000000ee700000|  0%| F|  |TAMS 0x00000000ee600000| PB 0x00000000ee600000| Untracked 
| 231|0x00000000ee700000, 0x00000000ee700000, 0x00000000ee800000|  0%| F|  |TAMS 0x00000000ee700000| PB 0x00000000ee700000| Untracked 
| 232|0x00000000ee800000, 0x00000000ee800000, 0x00000000ee900000|  0%| F|  |TAMS 0x00000000ee800000| PB 0x00000000ee800000| Untracked 
| 233|0x00000000ee900000, 0x00000000ee900000, 0x00000000eea00000|  0%| F|  |TAMS 0x00000000ee900000| PB 0x00000000ee900000| Untracked 
| 234|0x00000000eea00000, 0x00000000eea00000, 0x00000000eeb00000|  0%| F|  |TAMS 0x00000000eea00000| PB 0x00000000eea00000| Untracked 
| 235|0x00000000eeb00000, 0x00000000eeb00000, 0x00000000eec00000|  0%| F|  |TAMS 0x00000000eeb00000| PB 0x00000000eeb00000| Untracked 
| 236|0x00000000eec00000, 0x00000000eec00000, 0x00000000eed00000|  0%| F|  |TAMS 0x00000000eec00000| PB 0x00000000eec00000| Untracked 
| 237|0x00000000eed00000, 0x00000000eed00000, 0x00000000eee00000|  0%| F|  |TAMS 0x00000000eed00000| PB 0x00000000eed00000| Untracked 
| 238|0x00000000eee00000, 0x00000000eee00000, 0x00000000eef00000|  0%| F|  |TAMS 0x00000000eee00000| PB 0x00000000eee00000| Untracked 
| 239|0x00000000eef00000, 0x00000000eef00000, 0x00000000ef000000|  0%| F|  |TAMS 0x00000000eef00000| PB 0x00000000eef00000| Untracked 
| 240|0x00000000ef000000, 0x00000000ef000000, 0x00000000ef100000|  0%| F|  |TAMS 0x00000000ef000000| PB 0x00000000ef000000| Untracked 
| 241|0x00000000ef100000, 0x00000000ef100000, 0x00000000ef200000|  0%| F|  |TAMS 0x00000000ef100000| PB 0x00000000ef100000| Untracked 
| 242|0x00000000ef200000, 0x00000000ef200000, 0x00000000ef300000|  0%| F|  |TAMS 0x00000000ef200000| PB 0x00000000ef200000| Untracked 
| 243|0x00000000ef300000, 0x00000000ef300000, 0x00000000ef400000|  0%| F|  |TAMS 0x00000000ef300000| PB 0x00000000ef300000| Untracked 
| 244|0x00000000ef400000, 0x00000000ef400000, 0x00000000ef500000|  0%| F|  |TAMS 0x00000000ef400000| PB 0x00000000ef400000| Untracked 
| 245|0x00000000ef500000, 0x00000000ef500000, 0x00000000ef600000|  0%| F|  |TAMS 0x00000000ef500000| PB 0x00000000ef500000| Untracked 
| 246|0x00000000ef600000, 0x00000000ef600000, 0x00000000ef700000|  0%| F|  |TAMS 0x00000000ef600000| PB 0x00000000ef600000| Untracked 
| 247|0x00000000ef700000, 0x00000000ef800000, 0x00000000ef800000|100%| E|  |TAMS 0x00000000ef700000| PB 0x00000000ef700000| Complete 
| 248|0x00000000ef800000, 0x00000000ef900000, 0x00000000ef900000|100%| E|CS|TAMS 0x00000000ef800000| PB 0x00000000ef800000| Complete 
| 249|0x00000000ef900000, 0x00000000efa00000, 0x00000000efa00000|100%| E|CS|TAMS 0x00000000ef900000| PB 0x00000000ef900000| Complete 
| 250|0x00000000efa00000, 0x00000000efb00000, 0x00000000efb00000|100%| E|CS|TAMS 0x00000000efa00000| PB 0x00000000efa00000| Complete 
| 251|0x00000000efb00000, 0x00000000efc00000, 0x00000000efc00000|100%| E|CS|TAMS 0x00000000efb00000| PB 0x00000000efb00000| Complete 
| 252|0x00000000efc00000, 0x00000000efd00000, 0x00000000efd00000|100%| E|CS|TAMS 0x00000000efc00000| PB 0x00000000efc00000| Complete 
| 253|0x00000000efd00000, 0x00000000efe00000, 0x00000000efe00000|100%| E|CS|TAMS 0x00000000efd00000| PB 0x00000000efd00000| Complete 
| 254|0x00000000efe00000, 0x00000000eff00000, 0x00000000eff00000|100%| E|CS|TAMS 0x00000000efe00000| PB 0x00000000efe00000| Complete 
| 255|0x00000000eff00000, 0x00000000f0000000, 0x00000000f0000000|100%| E|CS|TAMS 0x00000000eff00000| PB 0x00000000eff00000| Complete 

Card table byte_map: [0x000001fbfd800000,0x000001fbfd900000] _byte_map_base: 0x000001fbfd100000

Marking Bits: (CMBitMap*) 0x000001fbfd75f3a0
 Bits: [0x000001fbfd900000, 0x000001fbfe100000)

Polling page: 0x000001fbfb570000

Metaspace:

Usage:
  Non-class:     67.93 MB used.
      Class:     11.27 MB used.
       Both:     79.20 MB used.

Virtual space:
  Non-class space:      128.00 MB reserved,      68.94 MB ( 54%) committed,  2 nodes.
      Class space:      320.00 MB reserved,      12.19 MB (  4%) committed,  1 nodes.
             Both:      448.00 MB reserved,      81.12 MB ( 18%) committed. 

Chunk freelists:
   Non-Class:  11.11 MB
       Class:  3.66 MB
        Both:  14.77 MB

MaxMetaspaceSize: 384.00 MB
CompressedClassSpaceSize: 320.00 MB
Initial GC threshold: 21.00 MB
Current GC threshold: 98.25 MB
CDS: on
 - commit_granule_bytes: 65536.
 - commit_granule_words: 8192.
 - virtual_space_node_default_size: 8388608.
 - enlarge_chunks_in_place: 1.
 - use_allocation_guard: 0.


Internal statistics:

num_allocs_failed_limit: 9.
num_arena_births: 3552.
num_arena_deaths: 0.
num_vsnodes_births: 3.
num_vsnodes_deaths: 0.
num_space_committed: 1298.
num_space_uncommitted: 0.
num_chunks_returned_to_freelist: 9.
num_chunks_taken_from_freelist: 7274.
num_chunk_merges: 9.
num_chunk_splits: 4754.
num_chunks_enlarged: 2984.
num_inconsistent_stats: 0.

CodeHeap 'non-profiled nmethods': size=120000Kb used=5698Kb max_used=5698Kb free=114301Kb
 bounds [0x000001fb8ac10000, 0x000001fb8b1b0000, 0x000001fb92140000]
CodeHeap 'profiled nmethods': size=120000Kb used=19437Kb max_used=19437Kb free=100562Kb
 bounds [0x000001fb83140000, 0x000001fb84440000, 0x000001fb8a670000]
CodeHeap 'non-nmethods': size=5760Kb used=2686Kb max_used=2750Kb free=3073Kb
 bounds [0x000001fb8a670000, 0x000001fb8a930000, 0x000001fb8ac10000]
CodeCache: size=245760Kb, used=27821Kb, max_used=27885Kb, free=217936Kb
 total_blobs=10682, nmethods=9735, adapters=849, full_count=0
Compilation: enabled, stopped_count=0, restarted_count=0

Compilation events (20 events):
Event: 70.670 Thread 0x000001fbfe726980 10404       3       groovyjarjarasm.asm.Frame::pop (44 bytes)
Event: 70.670 Thread 0x000001fbfe726980 nmethod 10404 0x000001fb8442c610 code [0x000001fb8442c7c0, 0x000001fb8442c958]
Event: 70.670 Thread 0x000001fbfe726980 10405       3       groovyjarjarasm.asm.MethodWriter::visitVarInsn (302 bytes)
Event: 70.672 Thread 0x000001fbfe726980 nmethod 10405 0x000001fb8442ca10 code [0x000001fb8442cc80, 0x000001fb8442d610]
Event: 70.672 Thread 0x000001fbfe726980 10407       3       groovyjarjarasm.asm.Label::resolve (259 bytes)
Event: 70.672 Thread 0x000001fbfe726980 nmethod 10407 0x000001fb8442d890 code [0x000001fb8442da80, 0x000001fb8442e028]
Event: 70.672 Thread 0x000001fbfe726980 10406       3       groovyjarjarasm.asm.Label::<init> (5 bytes)
Event: 70.673 Thread 0x000001fbfe726980 nmethod 10406 0x000001fb8442e390 code [0x000001fb8442e540, 0x000001fb8442e6a8]
Event: 70.673 Thread 0x000001fbfe726980 10408       3       java.util.EnumMap::unmaskNull (13 bytes)
Event: 70.673 Thread 0x000001fbfe726980 nmethod 10408 0x000001fb8442e790 code [0x000001fb8442e940, 0x000001fb8442eaa8]
Event: 70.697 Thread 0x000001fbfe726980 10410       3       groovyjarjarasm.asm.Label::getCanonicalInstance (19 bytes)
Event: 70.697 Thread 0x000001fbfe726980 nmethod 10410 0x000001fb8442eb10 code [0x000001fb8442ecc0, 0x000001fb8442ee20]
Event: 70.705 Thread 0x000001fbfe726980 10411       1       org.codehaus.groovy.runtime.callsite.AbstractCallSite::getArray (5 bytes)
Event: 70.705 Thread 0x000001fbfe726980 nmethod 10411 0x000001fb8b1a0590 code [0x000001fb8b1a0720, 0x000001fb8b1a07e8]
Event: 70.708 Thread 0x000001fbfe726980 10412       3       groovyjarjarasm.asm.Frame::getAbstractTypeFromDescriptor (462 bytes)
Event: 70.711 Thread 0x000001fbfe726980 nmethod 10412 0x000001fb8442ef10 code [0x000001fb8442f400, 0x000001fb84431980]
Event: 70.711 Thread 0x000001fbfe726980 10414       3       java.lang.invoke.DirectMethodHandle$Holder::invokeStatic (28 bytes)
Event: 70.712 Thread 0x000001fbfe726980 nmethod 10414 0x000001fb84432710 code [0x000001fb844328e0, 0x000001fb84432e70]
Event: 70.712 Thread 0x000001fbfe726980 10415       3       java.lang.invoke.BoundMethodHandle$Species_LLLLLL::make (20 bytes)
Event: 70.712 Thread 0x000001fbfe726980 nmethod 10415 0x000001fb84432f90 code [0x000001fb84433140, 0x000001fb84433330]

GC Heap History (20 events):
Event: 1.478 GC heap before
{Heap before GC invocations=0 (full 0):
 garbage-first heap   total 262144K, used 13312K [0x00000000e0000000, 0x0000000100000000)
  region size 1024K, 13 young (13312K), 0 survivors (0K)
 Metaspace       used 821K, committed 960K, reserved 393216K
  class space    used 70K, committed 128K, reserved 327680K
}
Event: 1.698 GC heap after
{Heap after GC invocations=1 (full 0):
 garbage-first heap   total 262144K, used 1280K [0x00000000e0000000, 0x0000000100000000)
  region size 1024K, 2 young (2048K), 2 survivors (2048K)
 Metaspace       used 821K, committed 960K, reserved 393216K
  class space    used 70K, committed 128K, reserved 327680K
}
Event: 3.645 GC heap before
{Heap before GC invocations=1 (full 0):
 garbage-first heap   total 262144K, used 23808K [0x00000000e0000000, 0x0000000100000000)
  region size 1024K, 21 young (21504K), 2 survivors (2048K)
 Metaspace       used 3443K, committed 3712K, reserved 393216K
  class space    used 450K, committed 576K, reserved 327680K
}
Event: 3.652 GC heap after
{Heap after GC invocations=2 (full 0):
 garbage-first heap   total 262144K, used 11016K [0x00000000e0000000, 0x0000000100000000)
  region size 1024K, 3 young (3072K), 3 survivors (3072K)
 Metaspace       used 3443K, committed 3712K, reserved 393216K
  class space    used 450K, committed 576K, reserved 327680K
}
Event: 11.578 GC heap before
{Heap before GC invocations=2 (full 0):
 garbage-first heap   total 262144K, used 118536K [0x00000000e0000000, 0x0000000100000000)
  region size 1024K, 106 young (108544K), 3 survivors (3072K)
 Metaspace       used 15123K, committed 15552K, reserved 393216K
  class space    used 2107K, committed 2304K, reserved 327680K
}
Event: 11.598 GC heap after
{Heap after GC invocations=3 (full 0):
 garbage-first heap   total 262144K, used 21698K [0x00000000e0000000, 0x0000000100000000)
  region size 1024K, 13 young (13312K), 13 survivors (13312K)
 Metaspace       used 15123K, committed 15552K, reserved 393216K
  class space    used 2107K, committed 2304K, reserved 327680K
}
Event: 15.374 GC heap before
{Heap before GC invocations=3 (full 0):
 garbage-first heap   total 262144K, used 63682K [0x00000000e0000000, 0x0000000100000000)
  region size 1024K, 55 young (56320K), 13 survivors (13312K)
 Metaspace       used 20854K, committed 21504K, reserved 393216K
  class space    used 3076K, committed 3392K, reserved 327680K
}
Event: 15.397 GC heap after
{Heap after GC invocations=4 (full 0):
 garbage-first heap   total 262144K, used 25420K [0x00000000e0000000, 0x0000000100000000)
  region size 1024K, 4 young (4096K), 4 survivors (4096K)
 Metaspace       used 20854K, committed 21504K, reserved 393216K
  class space    used 3076K, committed 3392K, reserved 327680K
}
Event: 22.667 GC heap before
{Heap before GC invocations=5 (full 0):
 garbage-first heap   total 262144K, used 116556K [0x00000000e0000000, 0x0000000100000000)
  region size 1024K, 95 young (97280K), 4 survivors (4096K)
 Metaspace       used 34770K, committed 35968K, reserved 393216K
  class space    used 5169K, committed 5760K, reserved 327680K
}
Event: 22.684 GC heap after
{Heap after GC invocations=6 (full 0):
 garbage-first heap   total 262144K, used 32185K [0x00000000e0000000, 0x0000000100000000)
  region size 1024K, 10 young (10240K), 10 survivors (10240K)
 Metaspace       used 34770K, committed 35968K, reserved 393216K
  class space    used 5169K, committed 5760K, reserved 327680K
}
Event: 35.464 GC heap before
{Heap before GC invocations=7 (full 0):
 garbage-first heap   total 262144K, used 184761K [0x00000000e0000000, 0x0000000100000000)
  region size 1024K, 153 young (156672K), 10 survivors (10240K)
 Metaspace       used 48008K, committed 49728K, reserved 393216K
  class space    used 6946K, committed 7808K, reserved 327680K
}
Event: 35.502 GC heap after
{Heap after GC invocations=8 (full 0):
 garbage-first heap   total 262144K, used 43480K [0x00000000e0000000, 0x0000000100000000)
  region size 1024K, 20 young (20480K), 20 survivors (20480K)
 Metaspace       used 48008K, committed 49728K, reserved 393216K
  class space    used 6946K, committed 7808K, reserved 327680K
}
Event: 49.623 GC heap before
{Heap before GC invocations=8 (full 0):
 garbage-first heap   total 262144K, used 189912K [0x00000000e0000000, 0x0000000100000000)
  region size 1024K, 153 young (156672K), 20 survivors (20480K)
 Metaspace       used 50400K, committed 52096K, reserved 393216K
  class space    used 7181K, committed 8000K, reserved 327680K
}
Event: 49.672 GC heap after
{Heap after GC invocations=9 (full 0):
 garbage-first heap   total 262144K, used 64457K [0x00000000e0000000, 0x0000000100000000)
  region size 1024K, 12 young (12288K), 12 survivors (12288K)
 Metaspace       used 50400K, committed 52096K, reserved 393216K
  class space    used 7181K, committed 8000K, reserved 327680K
}
Event: 54.914 GC heap before
{Heap before GC invocations=9 (full 0):
 garbage-first heap   total 262144K, used 154569K [0x00000000e0000000, 0x0000000100000000)
  region size 1024K, 96 young (98304K), 12 survivors (12288K)
 Metaspace       used 58497K, committed 60288K, reserved 393216K
  class space    used 8273K, committed 9152K, reserved 327680K
}
Event: 54.933 GC heap after
{Heap after GC invocations=10 (full 0):
 garbage-first heap   total 262144K, used 72192K [0x00000000e0000000, 0x0000000100000000)
  region size 1024K, 8 young (8192K), 8 survivors (8192K)
 Metaspace       used 58497K, committed 60288K, reserved 393216K
  class space    used 8273K, committed 9152K, reserved 327680K
}
Event: 63.142 GC heap before
{Heap before GC invocations=11 (full 0):
 garbage-first heap   total 262144K, used 225792K [0x00000000e0000000, 0x0000000100000000)
  region size 1024K, 152 young (155648K), 8 survivors (8192K)
 Metaspace       used 68427K, committed 70336K, reserved 393216K
  class space    used 9591K, committed 10496K, reserved 327680K
}
Event: 63.164 GC heap after
{Heap after GC invocations=12 (full 0):
 garbage-first heap   total 262144K, used 88064K [0x00000000e0000000, 0x0000000100000000)
  region size 1024K, 17 young (17408K), 17 survivors (17408K)
 Metaspace       used 68427K, committed 70336K, reserved 393216K
  class space    used 9591K, committed 10496K, reserved 327680K
}
Event: 70.613 GC heap before
{Heap before GC invocations=12 (full 0):
 garbage-first heap   total 262144K, used 227328K [0x00000000e0000000, 0x0000000100000000)
  region size 1024K, 152 young (155648K), 17 survivors (17408K)
 Metaspace       used 80882K, committed 82816K, reserved 458752K
  class space    used 11490K, committed 12416K, reserved 327680K
}
Event: 70.647 GC heap after
{Heap after GC invocations=13 (full 0):
 garbage-first heap   total 262144K, used 94720K [0x00000000e0000000, 0x0000000100000000)
  region size 1024K, 8 young (8192K), 8 survivors (8192K)
 Metaspace       used 80882K, committed 82816K, reserved 458752K
  class space    used 11490K, committed 12416K, reserved 327680K
}

Dll operation events (14 events):
Event: 0.023 Loaded shared library C:\Users\IT\.antigravity\extensions\redhat.java-1.54.0-win32-x64\jre\21.0.10-win32-x86_64\bin\java.dll
Event: 0.632 Loaded shared library C:\Users\IT\.antigravity\extensions\redhat.java-1.54.0-win32-x64\jre\21.0.10-win32-x86_64\bin\zip.dll
Event: 0.747 Loaded shared library C:\Users\IT\.antigravity\extensions\redhat.java-1.54.0-win32-x64\jre\21.0.10-win32-x86_64\bin\instrument.dll
Event: 0.791 Loaded shared library C:\Users\IT\.antigravity\extensions\redhat.java-1.54.0-win32-x64\jre\21.0.10-win32-x86_64\bin\net.dll
Event: 0.797 Loaded shared library C:\Users\IT\.antigravity\extensions\redhat.java-1.54.0-win32-x64\jre\21.0.10-win32-x86_64\bin\nio.dll
Event: 0.802 Loaded shared library C:\Users\IT\.antigravity\extensions\redhat.java-1.54.0-win32-x64\jre\21.0.10-win32-x86_64\bin\zip.dll
Event: 1.806 Loaded shared library C:\Users\IT\.antigravity\extensions\redhat.java-1.54.0-win32-x64\jre\21.0.10-win32-x86_64\bin\jimage.dll
Event: 2.384 Loaded shared library C:\Users\IT\.antigravity\extensions\redhat.java-1.54.0-win32-x64\jre\21.0.10-win32-x86_64\bin\verify.dll
Event: 2.913 Loaded shared library D:\.gradle\native\c067742578af261105cb4f569cf0c3c89f3d7b1fecec35dd04571415982c5e48\windows-amd64\native-platform.dll
Event: 2.938 Loaded shared library D:\.gradle\native\100fb08df4bc3b14c8652ba06237920a3bd2aa13389f12d3474272988ae205f9\windows-amd64\native-platform-file-events.dll
Event: 6.754 Loaded shared library C:\Users\IT\.antigravity\extensions\redhat.java-1.54.0-win32-x64\jre\21.0.10-win32-x86_64\bin\management.dll
Event: 6.767 Loaded shared library C:\Users\IT\.antigravity\extensions\redhat.java-1.54.0-win32-x64\jre\21.0.10-win32-x86_64\bin\management_ext.dll
Event: 7.712 Loaded shared library C:\Users\IT\.antigravity\extensions\redhat.java-1.54.0-win32-x64\jre\21.0.10-win32-x86_64\bin\extnet.dll
Event: 8.300 Loaded shared library C:\Users\IT\.antigravity\extensions\redhat.java-1.54.0-win32-x64\jre\21.0.10-win32-x86_64\bin\sunmscapi.dll

Deoptimization events (20 events):
Event: 70.383 Thread 0x000001fbb078fde0 Uncommon trap: trap_request=0xffffffcc fr.pc=0x000001fb8adcbb4c relative=0x000000000000028c
Event: 70.383 Thread 0x000001fbb078fde0 Uncommon trap: reason=intrinsic_or_type_checked_inlining action=make_not_entrant pc=0x000001fb8adcbb4c method=java.util.Arrays.copyOfRange([Ljava/lang/Object;IILjava/lang/Class;)[Ljava/lang/Object; @ 84 c2
Event: 70.383 Thread 0x000001fbb078fde0 DEOPT PACKING pc=0x000001fb8adcbb4c sp=0x00000048605fe1c0
Event: 70.383 Thread 0x000001fbb078fde0 DEOPT UNPACKING pc=0x000001fb8a6c4422 sp=0x00000048605fe140 mode 2
Event: 70.398 Thread 0x000001fbb078fde0 Uncommon trap: trap_request=0xffffff45 fr.pc=0x000001fb8b0e17b0 relative=0x0000000000000290
Event: 70.398 Thread 0x000001fbb078fde0 Uncommon trap: reason=unstable_if action=reinterpret pc=0x000001fb8b0e17b0 method=org.gradle.internal.operations.logging.LoggingBuildOperationProgressBroadcaster.onOutput(Lorg/gradle/internal/logging/events/OutputEvent;)V @ 73 c2
Event: 70.398 Thread 0x000001fbb078fde0 DEOPT PACKING pc=0x000001fb8b0e17b0 sp=0x00000048605fe970
Event: 70.398 Thread 0x000001fbb078fde0 DEOPT UNPACKING pc=0x000001fb8a6c4422 sp=0x00000048605fe8a0 mode 2
Event: 70.540 Thread 0x000001fbb078fde0 Uncommon trap: trap_request=0xffffffc6 fr.pc=0x000001fb8aff0cc8 relative=0x0000000000000068
Event: 70.540 Thread 0x000001fbb078fde0 Uncommon trap: reason=bimorphic_or_optimized_type_check action=maybe_recompile pc=0x000001fb8aff0cc8 method=org.gradle.internal.logging.sink.OutputEventRenderer.onOutput(Lorg/gradle/internal/logging/events/OutputEvent;)V @ 1 c2
Event: 70.540 Thread 0x000001fbb078fde0 DEOPT PACKING pc=0x000001fb8aff0cc8 sp=0x00000048605fa2d0
Event: 70.540 Thread 0x000001fbb078fde0 DEOPT UNPACKING pc=0x000001fb8a6c4422 sp=0x00000048605fa270 mode 2
Event: 70.542 Thread 0x000001fbb078fde0 Uncommon trap: trap_request=0xffffff45 fr.pc=0x000001fb8aff4db8 relative=0x0000000000000098
Event: 70.542 Thread 0x000001fbb078fde0 Uncommon trap: reason=unstable_if action=reinterpret pc=0x000001fb8aff4db8 method=org.gradle.internal.operations.logging.LoggingBuildOperationProgressBroadcaster.onOutput(Lorg/gradle/internal/logging/events/OutputEvent;)V @ 4 c2
Event: 70.542 Thread 0x000001fbb078fde0 DEOPT PACKING pc=0x000001fb8aff4db8 sp=0x00000048605fa2e0
Event: 70.542 Thread 0x000001fbb078fde0 DEOPT UNPACKING pc=0x000001fb8a6c4422 sp=0x00000048605fa270 mode 2
Event: 70.698 Thread 0x000001fbb078fde0 Uncommon trap: trap_request=0xffffff45 fr.pc=0x000001fb8ae66c88 relative=0x0000000000000ba8
Event: 70.698 Thread 0x000001fbb078fde0 Uncommon trap: reason=unstable_if action=reinterpret pc=0x000001fb8ae66c88 method=java.lang.ClassLoader.loadClass(Ljava/lang/String;Z)Ljava/lang/Class; @ 29 c2
Event: 70.698 Thread 0x000001fbb078fde0 DEOPT PACKING pc=0x000001fb8ae66c88 sp=0x00000048605f6b70
Event: 70.699 Thread 0x000001fbb078fde0 DEOPT UNPACKING pc=0x000001fb8a6c4422 sp=0x00000048605f6b38 mode 2

Classes loaded (20 events):
Event: 70.680 Loading class java/util/HashSetBeanInfo
Event: 70.680 Loading class java/util/HashSetBeanInfo done
Event: 70.680 Loading class java/util/HashSetBeanInfo
Event: 70.680 Loading class java/util/HashSetBeanInfo done
Event: 70.680 Loading class java/util/AbstractSetBeanInfo
Event: 70.680 Loading class java/util/AbstractSetBeanInfo done
Event: 70.688 Loading class java/util/AbstractSetBeanInfo
Event: 70.688 Loading class java/util/AbstractSetBeanInfo done
Event: 70.688 Loading class java/util/AbstractSetCustomizer
Event: 70.688 Loading class java/util/AbstractSetCustomizer done
Event: 70.689 Loading class java/util/AbstractSetCustomizer
Event: 70.689 Loading class java/util/AbstractSetCustomizer done
Event: 70.690 Loading class java/util/HashSetCustomizer
Event: 70.690 Loading class java/util/HashSetCustomizer done
Event: 70.691 Loading class java/util/HashSetCustomizer
Event: 70.691 Loading class java/util/HashSetCustomizer done
Event: 70.693 Loading class java/util/LinkedHashSetCustomizer
Event: 70.693 Loading class java/util/LinkedHashSetCustomizer done
Event: 70.693 Loading class java/util/LinkedHashSetCustomizer
Event: 70.693 Loading class java/util/LinkedHashSetCustomizer done

Classes unloaded (0 events):
No events

Classes redefined (0 events):
No events

Internal exceptions (20 events):
Event: 70.384 Thread 0x000001fbb078fde0 Exception <a 'java/lang/NoSuchMethodError'{0x00000000e7ffca78}: 'java.lang.Object java.lang.invoke.DirectMethodHandle$Holder.invokeVirtual(java.lang.Object, java.lang.Object, java.lang.Object, java.lang.Object, java.lang.Object, java.lang.Object, java.lang.Object, java.lang.Object, java.lang.Object, java.lang.Object, java.lang.Object, java.lang.Object, java.lang.Object, java.lang.Object, java.lang.Object, java.lang.Object, java.lang.Object, java.lang.Object, java.lang.Object)'> (0x00000000e7ffca78) 
thrown
Event: 70.547 Thread 0x000001fbb078fde0 Exception <a 'java/lang/ClassNotFoundException'{0x00000000e7b413e0}: java/util/ArrayListBeanInfo> (0x00000000e7b413e0) 
thrown [s\src\hotspot\share\classfile\systemDictionary.cpp, line 312]
Event: 70.547 Thread 0x000001fbb078fde0 Exception <a 'java/lang/ClassNotFoundException'{0x00000000e7b46bc8}: java/util/AbstractListBeanInfo> (0x00000000e7b46bc8) 
thrown [s\src\hotspot\share\classfile\systemDictionary.cpp, line 312]
Event: 70.548 Thread 0x000001fbb078fde0 Exception <a 'java/lang/ClassNotFoundException'{0x00000000e7b4c3d8}: java/util/AbstractListCustomizer> (0x00000000e7b4c3d8) 
thrown [s\src\hotspot\share\classfile\systemDictionary.cpp, line 312]
Event: 70.551 Thread 0x000001fbb078fde0 Exception <a 'java/lang/ClassNotFoundException'{0x00000000e7b8f4a8}: java/util/ArrayListCustomizer> (0x00000000e7b8f4a8) 
thrown [s\src\hotspot\share\classfile\systemDictionary.cpp, line 312]
Event: 70.650 Thread 0x000001fbb078fde0 Exception <a 'java/lang/ClassNotFoundException'{0x00000000efe1f2a0}: org/gradle/api/internal/artifacts/configurations/DefaultConfigurationContainer_DecoratedBeanInfo> (0x00000000efe1f2a0) 
thrown [s\src\hotspot\share\classfile\systemDictionary.cpp, line 312]
Event: 70.652 Thread 0x000001fbb078fde0 Exception <a 'java/lang/ClassNotFoundException'{0x00000000efe327b8}: org/gradle/api/internal/artifacts/configurations/DefaultConfigurationContainerBeanInfo> (0x00000000efe327b8) 
thrown [s\src\hotspot\share\classfile\systemDictionary.cpp, line 312]
Event: 70.653 Thread 0x000001fbb078fde0 Exception <a 'java/lang/ClassNotFoundException'{0x00000000efe46f30}: org/gradle/api/internal/AbstractValidatingNamedDomainObjectContainerBeanInfo> (0x00000000efe46f30) 
thrown [s\src\hotspot\share\classfile\systemDictionary.cpp, line 312]
Event: 70.654 Thread 0x000001fbb078fde0 Exception <a 'java/lang/ClassNotFoundException'{0x00000000efe56818}: org/gradle/api/internal/AbstractValidatingNamedDomainObjectContainerCustomizer> (0x00000000efe56818) 
thrown [s\src\hotspot\share\classfile\systemDictionary.cpp, line 312]
Event: 70.657 Thread 0x000001fbb078fde0 Exception <a 'java/lang/ClassNotFoundException'{0x00000000efe747a8}: org/gradle/api/internal/artifacts/configurations/DefaultConfigurationContainerCustomizer> (0x00000000efe747a8) 
thrown [s\src\hotspot\share\classfile\systemDictionary.cpp, line 312]
Event: 70.664 Thread 0x000001fbb078fde0 Exception <a 'java/lang/ClassNotFoundException'{0x00000000efd3c060}: org/gradle/api/internal/artifacts/configurations/DefaultConfigurationContainer_DecoratedCustomizer> (0x00000000efd3c060) 
thrown [s\src\hotspot\share\classfile\systemDictionary.cpp, line 312]
Event: 70.680 Thread 0x000001fbb078fde0 Exception <a 'java/lang/ClassNotFoundException'{0x00000000efc7ac38}: java/util/LinkedHashSetBeanInfo> (0x00000000efc7ac38) 
thrown [s\src\hotspot\share\classfile\systemDictionary.cpp, line 312]
Event: 70.680 Thread 0x000001fbb078fde0 Exception <a 'java/lang/ClassNotFoundException'{0x00000000efc80190}: java/util/HashSetBeanInfo> (0x00000000efc80190) 
thrown [s\src\hotspot\share\classfile\systemDictionary.cpp, line 312]
Event: 70.688 Thread 0x000001fbb078fde0 Exception <a 'java/lang/ClassNotFoundException'{0x00000000efc859c0}: java/util/AbstractSetBeanInfo> (0x00000000efc859c0) 
thrown [s\src\hotspot\share\classfile\systemDictionary.cpp, line 312]
Event: 70.689 Thread 0x000001fbb078fde0 Exception <a 'java/lang/ClassNotFoundException'{0x00000000efc8b1c8}: java/util/AbstractSetCustomizer> (0x00000000efc8b1c8) 
thrown [s\src\hotspot\share\classfile\systemDictionary.cpp, line 312]
Event: 70.691 Thread 0x000001fbb078fde0 Exception <a 'java/lang/ClassNotFoundException'{0x00000000efcb6b38}: java/util/HashSetCustomizer> (0x00000000efcb6b38) 
thrown [s\src\hotspot\share\classfile\systemDictionary.cpp, line 312]
Event: 70.693 Thread 0x000001fbb078fde0 Exception <a 'java/lang/ClassNotFoundException'{0x00000000efceed30}: java/util/LinkedHashSetCustomizer> (0x00000000efceed30) 
thrown [s\src\hotspot\share\classfile\systemDictionary.cpp, line 312]
Event: 70.719 Thread 0x000001fbb078fde0 Exception <a 'java/lang/ClassNotFoundException'{0x00000000ef989a48}: org/gradle/api/internal/tasks/DefaultSourceSetContainer_DecoratedBeanInfo> (0x00000000ef989a48) 
thrown [s\src\hotspot\share\classfile\systemDictionary.cpp, line 312]
Event: 70.721 Thread 0x000001fbb078fde0 Exception <a 'java/lang/ClassNotFoundException'{0x00000000ef99a260}: org/gradle/api/internal/tasks/DefaultSourceSetContainerBeanInfo> (0x00000000ef99a260) 
thrown [s\src\hotspot\share\classfile\systemDictionary.cpp, line 312]
Event: 70.722 Thread 0x000001fbb078fde0 Exception <a 'java/lang/ClassNotFoundException'{0x00000000ef9ab090}: org/gradle/api/internal/tasks/DefaultSourceSetContainerCustomizer> (0x00000000ef9ab090) 
thrown [s\src\hotspot\share\classfile\systemDictionary.cpp, line 312]

ZGC Phase Switch (0 events):
No events

VM Operations (20 events):
Event: 67.930 Executing safepoint VM operation: Cleanup
Event: 67.977 Executing safepoint VM operation: Cleanup done
Event: 68.990 Executing safepoint VM operation: Cleanup
Event: 68.990 Executing safepoint VM operation: Cleanup done
Event: 70.001 Executing safepoint VM operation: Cleanup
Event: 70.002 Executing safepoint VM operation: Cleanup done
Event: 70.025 Executing non-safepoint VM operation: HandshakeAllThreads (Deoptimize)
Event: 70.025 Executing non-safepoint VM operation: HandshakeAllThreads (Deoptimize) done
Event: 70.416 Executing non-safepoint VM operation: HandshakeAllThreads (Deoptimize)
Event: 70.416 Executing non-safepoint VM operation: HandshakeAllThreads (Deoptimize) done
Event: 70.419 Executing non-safepoint VM operation: HandshakeAllThreads (Deoptimize)
Event: 70.420 Executing non-safepoint VM operation: HandshakeAllThreads (Deoptimize) done
Event: 70.440 Executing non-safepoint VM operation: HandshakeAllThreads (Deoptimize)
Event: 70.441 Executing non-safepoint VM operation: HandshakeAllThreads (Deoptimize) done
Event: 70.469 Executing non-safepoint VM operation: HandshakeAllThreads (Deoptimize)
Event: 70.469 Executing non-safepoint VM operation: HandshakeAllThreads (Deoptimize) done
Event: 70.538 Executing non-safepoint VM operation: HandshakeAllThreads (Deoptimize)
Event: 70.538 Executing non-safepoint VM operation: HandshakeAllThreads (Deoptimize) done
Event: 70.613 Executing safepoint VM operation: G1CollectForAllocation (G1 Evacuation Pause)
Event: 70.647 Executing safepoint VM operation: G1CollectForAllocation (G1 Evacuation Pause) done

Memory protections (0 events):
No events

Nmethod flushes (20 events):
Event: 55.073 Thread 0x000001fbfe706450 flushing  nmethod 0x000001fb8350b410
Event: 55.073 Thread 0x000001fbfe706450 flushing  nmethod 0x000001fb8354a010
Event: 55.073 Thread 0x000001fbfe706450 flushing  nmethod 0x000001fb8359f210
Event: 55.073 Thread 0x000001fbfe706450 flushing  nmethod 0x000001fb835a1090
Event: 55.073 Thread 0x000001fbfe706450 flushing  nmethod 0x000001fb835e2390
Event: 55.073 Thread 0x000001fbfe706450 flushing  nmethod 0x000001fb83619290
Event: 55.073 Thread 0x000001fbfe706450 flushing  nmethod 0x000001fb8365ce90
Event: 55.073 Thread 0x000001fbfe706450 flushing  nmethod 0x000001fb836bce10
Event: 55.073 Thread 0x000001fbfe706450 flushing  nmethod 0x000001fb836d7a10
Event: 55.073 Thread 0x000001fbfe706450 flushing  nmethod 0x000001fb83782a90
Event: 55.073 Thread 0x000001fbfe706450 flushing  nmethod 0x000001fb837bc810
Event: 55.073 Thread 0x000001fbfe706450 flushing  nmethod 0x000001fb837ea690
Event: 55.073 Thread 0x000001fbfe706450 flushing  nmethod 0x000001fb83868d90
Event: 55.073 Thread 0x000001fbfe706450 flushing  nmethod 0x000001fb83869210
Event: 55.073 Thread 0x000001fbfe706450 flushing  nmethod 0x000001fb8386a590
Event: 55.073 Thread 0x000001fbfe706450 flushing  nmethod 0x000001fb838d5f90
Event: 55.073 Thread 0x000001fbfe706450 flushing  nmethod 0x000001fb838d6a90
Event: 55.073 Thread 0x000001fbfe706450 flushing  nmethod 0x000001fb838d6f10
Event: 55.073 Thread 0x000001fbfe706450 flushing  nmethod 0x000001fb838eaf10
Event: 55.073 Thread 0x000001fbfe706450 flushing  nmethod 0x000001fb838ebe90

Events (20 events):
Event: 19.458 Thread 0x000001fb946ebfd0 Thread added: 0x000001fbaf91af40
Event: 20.691 Thread 0x000001fb946ebfd0 Thread added: 0x000001fbaf9187e0
Event: 20.810 Thread 0x000001fb946ebfd0 Thread added: 0x000001fbaf91bc60
Event: 24.662 Thread 0x000001fb946ebfd0 Thread added: 0x000001fbaf91dd30
Event: 24.745 Thread 0x000001fb946ebfd0 Thread added: 0x000001fbaf91e3c0
Event: 35.021 Thread 0x000001fb946ebfd0 Thread added: 0x000001fbaf91fe00
Event: 35.022 Thread 0x000001fb946ebfd0 Thread added: 0x000001fbaf918e70
Event: 35.022 Thread 0x000001fb946ebfd0 Thread added: 0x000001fbaf919500
Event: 35.817 Thread 0x000001fb946ebfd0 Thread added: 0x000001fbaf919b90
Event: 35.827 Thread 0x000001fb946ebfd0 Thread added: 0x000001fbb078c2d0
Event: 35.836 Thread 0x000001fb946ebfd0 Thread added: 0x000001fbb0792bd0
Event: 38.503 Thread 0x000001fb946ebfd0 Thread added: 0x000001fbb078cff0
Event: 38.503 Thread 0x000001fb946ebfd0 Thread added: 0x000001fbb078c960
Event: 38.504 Thread 0x000001fb946ebfd0 Thread added: 0x000001fbb078d680
Event: 53.348 Thread 0x000001fb946ebfd0 Thread added: 0x000001fbb078dd10
Event: 70.230 Thread 0x000001fb946ebfd0 Thread added: 0x000001fbb078f750
Event: 70.266 Thread 0x000001fbb078f750 Thread added: 0x000001fbb078fde0
Event: 70.266 Thread 0x000001fbb078f750 Thread added: 0x000001fbb8237980
Event: 70.266 Thread 0x000001fbb078f750 Thread added: 0x000001fbb8239a50
Event: 70.345 Thread 0x000001fbb078fde0 Thread added: 0x000001fbb82393c0


Dynamic libraries:
0x00007ff791690000 - 0x00007ff79169e000 	C:\Users\IT\.antigravity\extensions\redhat.java-1.54.0-win32-x64\jre\21.0.10-win32-x86_64\bin\java.exe
0x00007fffd5390000 - 0x00007fffd5588000 	C:\Windows\SYSTEM32\ntdll.dll
0x00007fffd4c50000 - 0x00007fffd4d12000 	C:\Windows\System32\KERNEL32.DLL
0x00007fffd2e90000 - 0x00007fffd3186000 	C:\Windows\System32\KERNELBASE.dll
0x00007fffd3230000 - 0x00007fffd3330000 	C:\Windows\System32\ucrtbase.dll
0x00007fffc0850000 - 0x00007fffc0868000 	C:\Users\IT\.antigravity\extensions\redhat.java-1.54.0-win32-x64\jre\21.0.10-win32-x86_64\bin\jli.dll
0x00007fffd48a0000 - 0x00007fffd4a41000 	C:\Windows\System32\USER32.dll
0x00007fffd2ad0000 - 0x00007fffd2af2000 	C:\Windows\System32\win32u.dll
0x00007fffd40f0000 - 0x00007fffd411b000 	C:\Windows\System32\GDI32.dll
0x00007fffd2b00000 - 0x00007fffd2c19000 	C:\Windows\System32\gdi32full.dll
0x00007fffd3190000 - 0x00007fffd322d000 	C:\Windows\System32\msvcp_win.dll
0x00007fffc0870000 - 0x00007fffc088e000 	C:\Users\IT\.antigravity\extensions\redhat.java-1.54.0-win32-x64\jre\21.0.10-win32-x86_64\bin\VCRUNTIME140.dll
0x00007fffc5770000 - 0x00007fffc5a0b000 	C:\Windows\WinSxS\amd64_microsoft.windows.common-controls_6595b64144ccf1df_6.0.19041.6456_none_60b8a6cb71f64256\COMCTL32.dll
0x00007fffd4d90000 - 0x00007fffd4e2e000 	C:\Windows\System32\msvcrt.dll
0x00007fffd40c0000 - 0x00007fffd40ef000 	C:\Windows\System32\IMM32.DLL
0x00007fffc0840000 - 0x00007fffc084c000 	C:\Users\IT\.antigravity\extensions\redhat.java-1.54.0-win32-x64\jre\21.0.10-win32-x86_64\bin\vcruntime140_1.dll
0x00007fffb8060000 - 0x00007fffb80ed000 	C:\Users\IT\.antigravity\extensions\redhat.java-1.54.0-win32-x64\jre\21.0.10-win32-x86_64\bin\msvcp140.dll
0x00007fff9f230000 - 0x00007fff9ffd1000 	C:\Users\IT\.antigravity\extensions\redhat.java-1.54.0-win32-x64\jre\21.0.10-win32-x86_64\bin\server\jvm.dll
0x00007fffd3ee0000 - 0x00007fffd3f91000 	C:\Windows\System32\ADVAPI32.dll
0x00007fffd3760000 - 0x00007fffd37ff000 	C:\Windows\System32\sechost.dll
0x00007fffd4ec0000 - 0x00007fffd4fe0000 	C:\Windows\System32\RPCRT4.dll
0x00007fffd3330000 - 0x00007fffd3357000 	C:\Windows\System32\bcrypt.dll
0x00007fffd36f0000 - 0x00007fffd375b000 	C:\Windows\System32\WS2_32.dll
0x00007fffd2880000 - 0x00007fffd28cb000 	C:\Windows\SYSTEM32\POWRPROF.dll
0x00007fffc6590000 - 0x00007fffc65b7000 	C:\Windows\SYSTEM32\WINMM.dll
0x00007fffc6c90000 - 0x00007fffc6c9a000 	C:\Windows\SYSTEM32\VERSION.dll
0x00007fffd2860000 - 0x00007fffd2872000 	C:\Windows\SYSTEM32\UMPDC.dll
0x00007fffd08b0000 - 0x00007fffd08c2000 	C:\Windows\SYSTEM32\kernel.appcore.dll
0x00007fffc0830000 - 0x00007fffc083a000 	C:\Users\IT\.antigravity\extensions\redhat.java-1.54.0-win32-x64\jre\21.0.10-win32-x86_64\bin\jimage.dll
0x00007fffc6380000 - 0x00007fffc6581000 	C:\Windows\SYSTEM32\DBGHELP.DLL
0x00007fffbda70000 - 0x00007fffbdaa4000 	C:\Windows\SYSTEM32\dbgcore.DLL
0x00007fffd2c20000 - 0x00007fffd2ca2000 	C:\Windows\System32\bcryptPrimitives.dll
0x00007fffc0820000 - 0x00007fffc082f000 	C:\Users\IT\.antigravity\extensions\redhat.java-1.54.0-win32-x64\jre\21.0.10-win32-x86_64\bin\instrument.dll
0x00007fffc0800000 - 0x00007fffc0820000 	C:\Users\IT\.antigravity\extensions\redhat.java-1.54.0-win32-x64\jre\21.0.10-win32-x86_64\bin\java.dll
0x00007fffd4130000 - 0x00007fffd48a0000 	C:\Windows\System32\SHELL32.dll
0x00007fffd0ab0000 - 0x00007fffd1255000 	C:\Windows\SYSTEM32\windows.storage.dll
0x00007fffd4ff0000 - 0x00007fffd5344000 	C:\Windows\System32\combase.dll
0x00007fffd2370000 - 0x00007fffd239b000 	C:\Windows\SYSTEM32\Wldp.dll
0x00007fffd4a50000 - 0x00007fffd4b1d000 	C:\Windows\System32\OLEAUT32.dll
0x00007fffd3880000 - 0x00007fffd392d000 	C:\Windows\System32\SHCORE.dll
0x00007fffd3990000 - 0x00007fffd39eb000 	C:\Windows\System32\shlwapi.dll
0x00007fffd2950000 - 0x00007fffd2974000 	C:\Windows\SYSTEM32\profapi.dll
0x00007fffbf8c0000 - 0x00007fffbf8d8000 	C:\Users\IT\.antigravity\extensions\redhat.java-1.54.0-win32-x64\jre\21.0.10-win32-x86_64\bin\zip.dll
0x00007fffba180000 - 0x00007fffba190000 	C:\Users\IT\.antigravity\extensions\redhat.java-1.54.0-win32-x64\jre\21.0.10-win32-x86_64\bin\net.dll
0x00007fffcc5b0000 - 0x00007fffcc6ba000 	C:\Windows\SYSTEM32\WINHTTP.dll
0x00007fffd20d0000 - 0x00007fffd213a000 	C:\Windows\system32\mswsock.dll
0x00007fffba160000 - 0x00007fffba176000 	C:\Users\IT\.antigravity\extensions\redhat.java-1.54.0-win32-x64\jre\21.0.10-win32-x86_64\bin\nio.dll
0x00007fffbe470000 - 0x00007fffbe480000 	C:\Users\IT\.antigravity\extensions\redhat.java-1.54.0-win32-x64\jre\21.0.10-win32-x86_64\bin\verify.dll
0x00007fffc3170000 - 0x00007fffc3197000 	D:\.gradle\native\c067742578af261105cb4f569cf0c3c89f3d7b1fecec35dd04571415982c5e48\windows-amd64\native-platform.dll
0x00007fffa5f20000 - 0x00007fffa6064000 	D:\.gradle\native\100fb08df4bc3b14c8652ba06237920a3bd2aa13389f12d3474272988ae205f9\windows-amd64\native-platform-file-events.dll
0x00007fffcafe0000 - 0x00007fffcafea000 	C:\Users\IT\.antigravity\extensions\redhat.java-1.54.0-win32-x64\jre\21.0.10-win32-x86_64\bin\management.dll
0x00007fffcafd0000 - 0x00007fffcafdc000 	C:\Users\IT\.antigravity\extensions\redhat.java-1.54.0-win32-x64\jre\21.0.10-win32-x86_64\bin\management_ext.dll
0x00007fffd4120000 - 0x00007fffd4128000 	C:\Windows\System32\PSAPI.DLL
0x00007fffd22d0000 - 0x00007fffd22e8000 	C:\Windows\SYSTEM32\CRYPTSP.dll
0x00007fffd19f0000 - 0x00007fffd1a28000 	C:\Windows\system32\rsaenh.dll
0x00007fffd28d0000 - 0x00007fffd28fe000 	C:\Windows\SYSTEM32\USERENV.dll
0x00007fffd22c0000 - 0x00007fffd22cc000 	C:\Windows\SYSTEM32\CRYPTBASE.dll
0x00007fffd1db0000 - 0x00007fffd1deb000 	C:\Windows\SYSTEM32\IPHLPAPI.DLL
0x00007fffd4fe0000 - 0x00007fffd4fe8000 	C:\Windows\System32\NSI.dll
0x00007fffccf60000 - 0x00007fffccf69000 	C:\Users\IT\.antigravity\extensions\redhat.java-1.54.0-win32-x64\jre\21.0.10-win32-x86_64\bin\extnet.dll
0x00007fffcfcb0000 - 0x00007fffcfcbe000 	C:\Users\IT\.antigravity\extensions\redhat.java-1.54.0-win32-x64\jre\21.0.10-win32-x86_64\bin\sunmscapi.dll
0x00007fffd2cb0000 - 0x00007fffd2e0d000 	C:\Windows\System32\CRYPT32.dll
0x00007fffd23e0000 - 0x00007fffd2407000 	C:\Windows\SYSTEM32\ncrypt.dll
0x00007fffd23a0000 - 0x00007fffd23db000 	C:\Windows\SYSTEM32\NTASN1.dll
0x00007fffc28d0000 - 0x00007fffc28d7000 	C:\Windows\system32\wshunix.dll

JVMTI agents:
D:\.gradle\wrapper\dists\gradle-8.9-bin\90cnw93cvbtalezasaz0blq0a\gradle-8.9\lib\agents\gradle-instrumentation-agent-8.9.jar path:C:\Users\IT\.antigravity\extensions\redhat.java-1.54.0-win32-x64\jre\21.0.10-win32-x86_64\bin\instrument.dll, loaded, initialized, instrumentlib options:none

dbghelp: loaded successfully - version: 4.0.5 - missing functions: none
symbol engine: initialized successfully - sym options: 0x614 - pdb path: .;C:\Users\IT\.antigravity\extensions\redhat.java-1.54.0-win32-x64\jre\21.0.10-win32-x86_64\bin;C:\Windows\SYSTEM32;C:\Windows\WinSxS\amd64_microsoft.windows.common-controls_6595b64144ccf1df_6.0.19041.6456_none_60b8a6cb71f64256;C:\Users\IT\.antigravity\extensions\redhat.java-1.54.0-win32-x64\jre\21.0.10-win32-x86_64\bin\server;D:\.gradle\native\c067742578af261105cb4f569cf0c3c89f3d7b1fecec35dd04571415982c5e48\windows-amd64;D:\.gradle\native\100fb08df4bc3b14c8652ba06237920a3bd2aa13389f12d3474272988ae205f9\windows-amd64

VM Arguments:
jvm_args: --add-opens=java.base/java.util=ALL-UNNAMED --add-opens=java.base/java.lang=ALL-UNNAMED --add-opens=java.base/java.lang.invoke=ALL-UNNAMED --add-opens=java.prefs/java.util.prefs=ALL-UNNAMED --add-exports=jdk.compiler/com.sun.tools.javac.api=ALL-UNNAMED --add-exports=jdk.compiler/com.sun.tools.javac.util=ALL-UNNAMED --add-opens=java.base/java.nio.charset=ALL-UNNAMED --add-opens=java.base/java.net=ALL-UNNAMED --add-opens=java.base/java.util.concurrent.atomic=ALL-UNNAMED -XX:MaxMetaspaceSize=384m -XX:+HeapDumpOnOutOfMemoryError -Xms256m -Xmx512m -Dfile.encoding=utf8 -Duser.country=US -Duser.language=en -Duser.variant -javaagent:D:\.gradle\wrapper\dists\gradle-8.9-bin\90cnw93cvbtalezasaz0blq0a\gradle-8.9\lib\agents\gradle-instrumentation-agent-8.9.jar 
java_command: org.gradle.launcher.daemon.bootstrap.GradleDaemon 8.9
java_class_path (initial): D:\.gradle\wrapper\dists\gradle-8.9-bin\90cnw93cvbtalezasaz0blq0a\gradle-8.9\lib\gradle-daemon-main-8.9.jar
Launcher Type: SUN_STANDARD

[Global flags]
     intx CICompilerCount                          = 3                                         {product} {ergonomic}
   size_t CompressedClassSpaceSize                 = 335544320                                 {product} {ergonomic}
     uint ConcGCThreads                            = 1                                         {product} {ergonomic}
     uint G1ConcRefinementThreads                  = 4                                         {product} {ergonomic}
   size_t G1HeapRegionSize                         = 1048576                                   {product} {ergonomic}
    uintx GCDrainStackTargetSize                   = 64                                        {product} {ergonomic}
     bool HeapDumpOnOutOfMemoryError               = true                                   {manageable} {command line}
   size_t InitialHeapSize                          = 268435456                                 {product} {command line}
   size_t MarkStackSize                            = 4194304                                   {product} {ergonomic}
   size_t MaxHeapSize                              = 536870912                                 {product} {command line}
   size_t MaxMetaspaceSize                         = 402653184                                 {product} {command line}
   size_t MaxNewSize                               = 321912832                                 {product} {ergonomic}
   size_t MinHeapDeltaBytes                        = 1048576                                   {product} {ergonomic}
   size_t MinHeapSize                              = 268435456                                 {product} {command line}
    uintx NonNMethodCodeHeapSize                   = 5832780                                {pd product} {ergonomic}
    uintx NonProfiledCodeHeapSize                  = 122912730                              {pd product} {ergonomic}
    uintx ProfiledCodeHeapSize                     = 122912730                              {pd product} {ergonomic}
    uintx ReservedCodeCacheSize                    = 251658240                              {pd product} {ergonomic}
     bool SegmentedCodeCache                       = true                                      {product} {ergonomic}
   size_t SoftMaxHeapSize                          = 536870912                              {manageable} {ergonomic}
     bool UseCompressedOops                        = true                           {product lp64_product} {ergonomic}
     bool UseG1GC                                  = true                                      {product} {ergonomic}
     bool UseLargePagesIndividualAllocation        = false                                  {pd product} {ergonomic}

Logging:
Log output configuration:
 #0: stdout all=warning uptime,level,tags foldmultilines=false
 #1: stderr all=off uptime,level,tags foldmultilines=false

Release file:
JAVA_VERSION="21.0.10" 
MODULES="java.base java.compiler java.datatransfer java.xml java.prefs java.desktop java.instrument java.logging java.management java.security.sasl java.naming java.rmi java.management.rmi java.net.http java.scripting java.security.jgss java.transaction.xa java.sql java.sql.rowset java.xml.crypto java.se java.smartcardio jdk.accessibility jdk.internal.jvmstat jdk.attach jdk.charsets jdk.internal.opt jdk.zipfs jdk.compiler jdk.crypto.ec jdk.crypto.cryptoki jdk.crypto.mscapi jdk.dynalink jdk.internal.ed jdk.editpad jdk.hotspot.agent jdk.httpserver jdk.internal.le jdk.internal.vm.ci jdk.internal.vm.compiler jdk.internal.vm.compiler.management jdk.jartool jdk.javadoc jdk.jcmd jdk.management jdk.management.agent jdk.jconsole jdk.jdeps jdk.jdwp.agent jdk.jdi jdk.jfr jdk.jshell jdk.jsobject jdk.jstatd jdk.localedata jdk.management.jfr jdk.naming.dns jdk.naming.rmi jdk.net jdk.nio.mapmode jdk.random jdk.sctp jdk.security.auth jdk.security.jgss jdk.unsupported jdk.unsupported.desktop jdk.xml.dom" 

Environment Variables:
JAVA_HOME=D:\Program Files\Android\Android Studio\jbr
PATH=C:\Program Files\Eclipse Adoptium\jdk-17.0.18.8-hotspot\bin;C:\Windows\system32;C:\Windows;C:\Windows\System32\Wbem;C:\Windows\System32\WindowsPowerShell\v1.0\;C:\Windows\System32\OpenSSH\;C:\Users\IT\.config\herd\bin\nvm;C:\Program Files\nodejs;C:\Program Files\Git\cmd;D:\flutter\bin;C:\Program Files\Eclipse Adoptium\jdk-17.0.18.8-hotspot\bin;C:\Windows\system32;C:\Windows;C:\Windows\System32\Wbem;C:\Windows\System32\WindowsPowerShell\v1.0\;C:\Windows\System32\OpenSSH\;C:\Users\IT\.config\herd\bin\nvm;C:\Program Files\nodejs;C:\Program Files\Git\cmd;C:\Users\IT\.config\herd\bin;C:\Users\IT\AppData\Local\Microsoft\WindowsApps;C:\Users\IT\AppData\Local\Programs\Microsoft VS Code\bin;C:\Users\IT\AppData\Local\Programs\Antigravity\bin;D:\Antigravity\wifibilling\flutter\bin
USERNAME=IT
OS=Windows_NT
PROCESSOR_IDENTIFIER=Intel64 Family 6 Model 42 Stepping 7, GenuineIntel
TMP=D:\Temp
TEMP=D:\Temp




Periodic native trim disabled

---------------  S Y S T E M  ---------------

OS:
 Windows 10 , 64 bit Build 19041 (10.0.19041.5915)
OS uptime: 3 days 1:42 hours

CPU: total 4 (initial active 4) (2 cores per cpu, 2 threads per core) family 6 model 42 stepping 7 microcode 0x2f, cx8, cmov, fxsr, ht, mmx, sse, sse2, sse3, ssse3, sse4.1, sse4.2, popcnt, tsc, tscinvbit, avx, clmul, vzeroupper, clflush, rdtscp
Processor Information for the first 4 processors :
  Max Mhz: 3300, Current Mhz: 3300, Mhz Limit: 3300

Memory: 4k page, system-wide physical 8092M (288M free)
TotalPageFile size 23276M (AvailPageFile size 4M)
current process WorkingSet (physical memory assigned to process): 450M, peak: 451M
current process commit charge ("private bytes"): 539M, peak: 540M

vm_info: OpenJDK 64-Bit Server VM (21.0.10+7-LTS) for windows-amd64 JRE (21.0.10+7-LTS), built on 2026-01-20T00:00:00Z by "admin" with MS VC++ 17.12 (VS2022)

END.
