#
# There is insufficient memory for the Java Runtime Environment to continue.
# Native memory allocation (malloc) failed to allocate 32744 bytes. Error detail: Chunk::new
# Possible reasons:
#   The system is out of physical RAM or swap space
#   This process is running with CompressedOops enabled, and the Java Heap may be blocking the growth of the native heap
# Possible solutions:
#   Reduce memory load on the system
#   Increase physical memory or swap space
#   Check if swap backing store is full
#   Decrease Java heap size (-Xmx/-Xms)
#   Decrease number of Java threads
#   Decrease Java thread stack sizes (-Xss)
#   Set larger code cache with -XX:ReservedCodeCacheSize=
#   JVM is running with Unscaled Compressed Oops mode in which the Java heap is
#     placed in the first 4GB address space. The Java Heap base address is the
#     maximum limit for the native heap growth. Please use -XX:HeapBaseMinAddress
#     to set the Java Heap base and to place the Java Heap above 4GB virtual address.
# This output file may be truncated or incomplete.
#
#  Out of Memory Error (arena.cpp:168), pid=7852, tid=11472
#
# JRE version: OpenJDK Runtime Environment Temurin-21.0.10+7 (21.0.10+7) (build 21.0.10+7-LTS)
# Java VM: OpenJDK 64-Bit Server VM Temurin-21.0.10+7 (21.0.10+7-LTS, mixed mode, sharing, tiered, compressed oops, compressed class ptrs, parallel gc, windows-amd64)
# No core dump will be written. Minidumps are not enabled by default on client versions of Windows
#

---------------  S U M M A R Y ------------

Command Line: --add-modules=ALL-SYSTEM --add-opens=java.base/java.util=ALL-UNNAMED --add-opens=java.base/java.lang=ALL-UNNAMED --add-opens=java.base/sun.nio.fs=ALL-UNNAMED -Declipse.application=org.eclipse.jdt.ls.core.id1 -Dosgi.bundles.defaultStartLevel=4 -Declipse.product=org.eclipse.jdt.ls.core.product -Djava.import.generatesMetadataFilesAtProjectRoot=false -DDetectVMInstallationsJob.disabled=true -Dfile.encoding=utf8 -XX:+UseParallelGC -XX:GCTimeRatio=4 -XX:AdaptiveSizePolicyWeight=90 -Dsun.zip.disableMemoryMapping=true -Xmx2G -Xms100m -Xlog:disable -javaagent:c:\Users\IT\.antigravity\extensions\redhat.java-1.54.0-win32-x64\lombok\lombok-1.18.39-4050.jar c:\Users\IT\.antigravity\extensions\redhat.java-1.54.0-win32-x64\server\plugins\org.eclipse.equinox.launcher_1.7.100.v20251111-0406.jar -configuration c:\Users\IT\AppData\Roaming\Antigravity\User\globalStorage\redhat.java\1.54.0\config_ss_win -data c:\Users\IT\AppData\Roaming\Antigravity\User\workspaceStorage\a9db40a29345f0f1a692d5701a5a1c57\redhat.java\ss_ws --pipe=\\.\pipe\lsp-97c6b8a0963fa47dae1e5718ed34d79c-sock

Host: Intel(R) Core(TM) i3-2120 CPU @ 3.30GHz, 4 cores, 7G,  Windows 10 , 64 bit Build 19041 (10.0.19041.5915)
Time: Mon Apr 20 14:41:10 2026 China Standard Time elapsed time: 35.920544 seconds (0d 0h 0m 35s)

---------------  T H R E A D  ---------------

Current thread (0x0000020cf1b85b90):  JavaThread "C1 CompilerThread0" daemon [_thread_in_native, id=11472, stack(0x00000054e6e00000,0x00000054e6f00000) (1024K)]


Current CompileTask:
C1:35920 1772       3       java.util.StringTokenizer::setMaxDelimCodePoint (156 bytes)

Stack: [0x00000054e6e00000,0x00000054e6f00000]
Native frames: (J=compiled Java code, j=interpreted, Vv=VM code, C=native code)
V  [jvm.dll+0x6d7a39]
V  [jvm.dll+0x8b4b26]
V  [jvm.dll+0x8b70de]
V  [jvm.dll+0x8b77c3]
V  [jvm.dll+0x284346]
V  [jvm.dll+0xc66ed]
V  [jvm.dll+0xc6c31]
V  [jvm.dll+0x69699f]
V  [jvm.dll+0x6963d0]
V  [jvm.dll+0x1f57bd]
V  [jvm.dll+0x166b05]
V  [jvm.dll+0x15aa84]
V  [jvm.dll+0x1666c6]
V  [jvm.dll+0x1696f9]
V  [jvm.dll+0x1690e6]
V  [jvm.dll+0x160cb0]
V  [jvm.dll+0x162f4d]
V  [jvm.dll+0x161556]
V  [jvm.dll+0x15b297]
V  [jvm.dll+0x16ad68]
V  [jvm.dll+0x156885]
V  [jvm.dll+0x156bd2]
V  [jvm.dll+0x156e84]
V  [jvm.dll+0x15629c]
V  [jvm.dll+0x15802d]
V  [jvm.dll+0x25b85d]
V  [jvm.dll+0x259dea]
V  [jvm.dll+0x3f857e]
V  [jvm.dll+0x85f59d]
V  [jvm.dll+0x6d626d]
C  [ucrtbase.dll+0x21bb2]
C  [KERNEL32.DLL+0x17374]
C  [ntdll.dll+0x4cc91]


---------------  P R O C E S S  ---------------

Threads class SMR info:
_java_thread_list=0x0000020cf1b6ea00, length=12, elements={
0x0000020cf1c1d340, 0x0000020cf1b096c0, 0x0000020cf1b0b5e0, 0x0000020cf1b0db90,
0x0000020cf1b109c0, 0x0000020cf1b116e0, 0x0000020cf1b132b0, 0x0000020cf1b140f0,
0x0000020cf1b85b90, 0x0000020cfa301050, 0x0000020cfa4171b0, 0x0000020cfa6c85d0
}

Java Threads: ( => current thread )
  0x0000020cf1c1d340 JavaThread "main"                              [_thread_in_native, id=16348, stack(0x00000054e6300000,0x00000054e6400000) (1024K)]
  0x0000020cf1b096c0 JavaThread "Reference Handler"          daemon [_thread_blocked, id=16344, stack(0x00000054e6700000,0x00000054e6800000) (1024K)]
  0x0000020cf1b0b5e0 JavaThread "Finalizer"                  daemon [_thread_blocked, id=6480, stack(0x00000054e6800000,0x00000054e6900000) (1024K)]
  0x0000020cf1b0db90 JavaThread "Signal Dispatcher"          daemon [_thread_blocked, id=15908, stack(0x00000054e6900000,0x00000054e6a00000) (1024K)]
  0x0000020cf1b109c0 JavaThread "Attach Listener"            daemon [_thread_blocked, id=15904, stack(0x00000054e6a00000,0x00000054e6b00000) (1024K)]
  0x0000020cf1b116e0 JavaThread "Service Thread"             daemon [_thread_blocked, id=9208, stack(0x00000054e6b00000,0x00000054e6c00000) (1024K)]
  0x0000020cf1b132b0 JavaThread "Monitor Deflation Thread"   daemon [_thread_blocked, id=15964, stack(0x00000054e6c00000,0x00000054e6d00000) (1024K)]
  0x0000020cf1b140f0 JavaThread "C2 CompilerThread0"         daemon [_thread_blocked, id=15840, stack(0x00000054e6d00000,0x00000054e6e00000) (1024K)]
=>0x0000020cf1b85b90 JavaThread "C1 CompilerThread0"         daemon [_thread_in_native, id=11472, stack(0x00000054e6e00000,0x00000054e6f00000) (1024K)]
  0x0000020cfa301050 JavaThread "Common-Cleaner"             daemon [_thread_blocked, id=15500, stack(0x00000054e6f00000,0x00000054e7000000) (1024K)]
  0x0000020cfa4171b0 JavaThread "Notification Thread"        daemon [_thread_blocked, id=15644, stack(0x00000054e7000000,0x00000054e7100000) (1024K)]
  0x0000020cfa6c85d0 JavaThread "Active Thread: Equinox Container: c664a4fe-6d48-41d6-a386-49f181a031d9"        [_thread_blocked, id=16308, stack(0x00000054e7400000,0x00000054e7500000) (1024K)]
Total: 12

Other Threads:
  0x0000020cf1aeda90 VMThread "VM Thread"                           [id=14416, stack(0x00000054e6600000,0x00000054e6700000) (1024K)]
  0x0000020cf1ce4960 WatcherThread "VM Periodic Task Thread"        [id=11372, stack(0x00000054e6500000,0x00000054e6600000) (1024K)]
  0x0000020cf1c3d770 WorkerThread "GC Thread#0"                     [id=2720, stack(0x00000054e6400000,0x00000054e6500000) (1024K)]
  0x0000020cf1b341b0 WorkerThread "GC Thread#1"                     [id=10092, stack(0x00000054e7100000,0x00000054e7200000) (1024K)]
  0x0000020cf1b34560 WorkerThread "GC Thread#2"                     [id=14880, stack(0x00000054e7200000,0x00000054e7300000) (1024K)]
  0x0000020cf1b32f40 WorkerThread "GC Thread#3"                     [id=5292, stack(0x00000054e7300000,0x00000054e7400000) (1024K)]
Total: 6

Threads with active compile tasks:
C1 CompilerThread0  36031 1772       3       java.util.StringTokenizer::setMaxDelimCodePoint (156 bytes)
Total: 1

VM state: not at safepoint (normal execution)

VM Mutex/Monitor currently owned by a thread: None

Heap address: 0x0000000080000000, size: 2048 MB, Compressed Oops mode: 32-bit

CDS archive(s) mapped at: [0x0000020c8f000000-0x0000020c8fba0000-0x0000020c8fba0000), size 12189696, SharedBaseAddress: 0x0000020c8f000000, ArchiveRelocationMode: 1.
Compressed class space mapped at: 0x0000020c90000000-0x0000020cd0000000, reserved size: 1073741824
Narrow klass base: 0x0000020c8f000000, Narrow klass shift: 0, Narrow klass range: 0x100000000

GC Precious Log:
 CardTable entry size: 512
 CPUs: 4 total, 4 available
 Memory: 8092M
 Large Page Support: Disabled
 NUMA Support: Disabled
 Compressed Oops: Enabled (32-bit)
 Alignments: Space 512K, Generation 512K, Heap 2M
 Heap Min Capacity: 100M
 Heap Initial Capacity: 100M
 Heap Max Capacity: 2G
 Pre-touch: Disabled
 Parallel Workers: 4

Heap:
 PSYoungGen      total 29696K, used 26895K [0x00000000d5580000, 0x00000000d7680000, 0x0000000100000000)
  eden space 25600K, 92% used [0x00000000d5580000,0x00000000d6c8fd20,0x00000000d6e80000)
  from space 4096K, 80% used [0x00000000d6e80000,0x00000000d71b4148,0x00000000d7280000)
  to   space 4096K, 0% used [0x00000000d7280000,0x00000000d7280000,0x00000000d7680000)
 ParOldGen       total 68608K, used 0K [0x0000000080000000, 0x0000000084300000, 0x00000000d5580000)
  object space 68608K, 0% used [0x0000000080000000,0x0000000080000000,0x0000000084300000)
 Metaspace       used 7950K, committed 8256K, reserved 1114112K
  class space    used 828K, committed 960K, reserved 1048576K

Card table byte_map: [0x0000020cf15d0000,0x0000020cf19e0000] _byte_map_base: 0x0000020cf11d0000

Marking Bits: (ParMarkBitMap*) 0x00007fff9fef3450
 Begin Bits: [0x0000020cf50e0000, 0x0000020cf70e0000)
 End Bits:   [0x0000020cf70e0000, 0x0000020cf90e0000)

Polling page: 0x0000020cefa60000

Metaspace:

Usage:
  Non-class:      6.95 MB used.
      Class:    828.90 KB used.
       Both:      7.76 MB used.

Virtual space:
  Non-class space:       64.00 MB reserved,       7.12 MB ( 11%) committed,  1 nodes.
      Class space:        1.00 GB reserved,     960.00 KB ( <1%) committed,  1 nodes.
             Both:        1.06 GB reserved,       8.06 MB ( <1%) committed. 

Chunk freelists:
   Non-Class:  8.83 MB
       Class:  14.91 MB
        Both:  23.73 MB

MaxMetaspaceSize: unlimited
CompressedClassSpaceSize: 1.00 GB
Initial GC threshold: 21.00 MB
Current GC threshold: 21.00 MB
CDS: on
 - commit_granule_bytes: 65536.
 - commit_granule_words: 8192.
 - virtual_space_node_default_size: 8388608.
 - enlarge_chunks_in_place: 1.
 - use_allocation_guard: 0.


Internal statistics:

num_allocs_failed_limit: 0.
num_arena_births: 228.
num_arena_deaths: 0.
num_vsnodes_births: 2.
num_vsnodes_deaths: 0.
num_space_committed: 129.
num_space_uncommitted: 0.
num_chunks_returned_to_freelist: 0.
num_chunks_taken_from_freelist: 422.
num_chunk_merges: 0.
num_chunk_splits: 271.
num_chunks_enlarged: 177.
num_inconsistent_stats: 0.

CodeHeap 'non-profiled nmethods': size=120000Kb used=762Kb max_used=762Kb free=119238Kb
 bounds [0x0000020c87ad0000, 0x0000020c87d40000, 0x0000020c8f000000]
CodeHeap 'profiled nmethods': size=120000Kb used=3181Kb max_used=3181Kb free=116819Kb
 bounds [0x0000020c80000000, 0x0000020c80320000, 0x0000020c87530000]
CodeHeap 'non-nmethods': size=5760Kb used=1214Kb max_used=1234Kb free=4545Kb
 bounds [0x0000020c87530000, 0x0000020c877a0000, 0x0000020c87ad0000]
CodeCache: size=245760Kb, used=5157Kb, max_used=5177Kb, free=240602Kb
 total_blobs=2252, nmethods=1770, adapters=389, full_count=0
Compilation: enabled, stopped_count=0, restarted_count=0

Compilation events (20 events):
Event: 26.174 Thread 0x0000020cf1b140f0 nmethod 1762 0x0000020c87b8e410 code [0x0000020c87b8e5a0, 0x0000020c87b8e6e8]
Event: 26.176 Thread 0x0000020cf1b85b90 1763       3       java.lang.StringLatin1::getChars (12 bytes)
Event: 26.176 Thread 0x0000020cf1b85b90 nmethod 1763 0x0000020c80311690 code [0x0000020c80311840, 0x0000020c80311968]
Event: 26.188 Thread 0x0000020cf1b85b90 1764       3       java.io.File::isAbsolute (8 bytes)
Event: 26.188 Thread 0x0000020cf1b85b90 nmethod 1764 0x0000020c80311a10 code [0x0000020c80311bc0, 0x0000020c80311d10]
Event: 26.188 Thread 0x0000020cf1b85b90 1765       3       java.io.WinNTFileSystem::isAbsolute (36 bytes)
Event: 26.189 Thread 0x0000020cf1b85b90 nmethod 1765 0x0000020c80311d90 code [0x0000020c80311fa0, 0x0000020c80312620]
Event: 27.210 Thread 0x0000020cf1b85b90 1766       3       sun.net.util.IPAddressUtil::checkUserInfo (44 bytes)
Event: 27.211 Thread 0x0000020cf1b85b90 nmethod 1766 0x0000020c80312910 code [0x0000020c80312ba0, 0x0000020c803135e8]
Event: 27.211 Thread 0x0000020cf1b85b90 1767       3       sun.net.util.IPAddressUtil::scan (62 bytes)
Event: 27.213 Thread 0x0000020cf1b85b90 nmethod 1767 0x0000020c80313a90 code [0x0000020c80313ce0, 0x0000020c803145a0]
Event: 27.224 Thread 0x0000020cf1b85b90 1768       3       java.util.Collections::emptyIterator (4 bytes)
Event: 27.224 Thread 0x0000020cf1b85b90 nmethod 1768 0x0000020c80314990 code [0x0000020c80314b20, 0x0000020c80314c18]
Event: 27.240 Thread 0x0000020cf1b85b90 1769       3       java.net.URL::<init> (438 bytes)
Event: 27.248 Thread 0x0000020cf1b85b90 nmethod 1769 0x0000020c80314c90 code [0x0000020c80315360, 0x0000020c803186d8]
Event: 27.345 Thread 0x0000020cf1b85b90 1770       3       java.util.Collections::emptySet (4 bytes)
Event: 27.345 Thread 0x0000020cf1b85b90 nmethod 1770 0x0000020c80319b10 code [0x0000020c80319ca0, 0x0000020c80319d98]
Event: 29.342 Thread 0x0000020cf1b85b90 1771       3       java.io.File::slashify (84 bytes)
Event: 29.343 Thread 0x0000020cf1b85b90 nmethod 1771 0x0000020c80319e10 code [0x0000020c8031a120, 0x0000020c8031ae68]
Event: 35.909 Thread 0x0000020cf1b85b90 1772       3       java.util.StringTokenizer::setMaxDelimCodePoint (156 bytes)

GC Heap History (2 events):
Event: 12.040 GC heap before
{Heap before GC invocations=1 (full 0):
 PSYoungGen      total 29696K, used 25600K [0x00000000d5580000, 0x00000000d7680000, 0x0000000100000000)
  eden space 25600K, 100% used [0x00000000d5580000,0x00000000d6e80000,0x00000000d6e80000)
  from space 4096K, 0% used [0x00000000d7280000,0x00000000d7280000,0x00000000d7680000)
  to   space 4096K, 0% used [0x00000000d6e80000,0x00000000d6e80000,0x00000000d7280000)
 ParOldGen       total 68608K, used 0K [0x0000000080000000, 0x0000000084300000, 0x00000000d5580000)
  object space 68608K, 0% used [0x0000000080000000,0x0000000080000000,0x0000000084300000)
 Metaspace       used 4390K, committed 4608K, reserved 1114112K
  class space    used 475K, committed 576K, reserved 1048576K
}
Event: 12.098 GC heap after
{Heap after GC invocations=1 (full 0):
 PSYoungGen      total 29696K, used 3280K [0x00000000d5580000, 0x00000000d7680000, 0x0000000100000000)
  eden space 25600K, 0% used [0x00000000d5580000,0x00000000d5580000,0x00000000d6e80000)
  from space 4096K, 80% used [0x00000000d6e80000,0x00000000d71b4148,0x00000000d7280000)
  to   space 4096K, 0% used [0x00000000d7280000,0x00000000d7280000,0x00000000d7680000)
 ParOldGen       total 68608K, used 0K [0x0000000080000000, 0x0000000084300000, 0x00000000d5580000)
  object space 68608K, 0% used [0x0000000080000000,0x0000000080000000,0x0000000084300000)
 Metaspace       used 4390K, committed 4608K, reserved 1114112K
  class space    used 475K, committed 576K, reserved 1048576K
}

Dll operation events (8 events):
Event: 0.029 Loaded shared library c:\Users\IT\.antigravity\extensions\redhat.java-1.54.0-win32-x64\jre\21.0.10-win32-x86_64\bin\java.dll
Event: 1.544 Loaded shared library c:\Users\IT\.antigravity\extensions\redhat.java-1.54.0-win32-x64\jre\21.0.10-win32-x86_64\bin\zip.dll
Event: 1.824 Loaded shared library C:\Users\IT\.antigravity\extensions\redhat.java-1.54.0-win32-x64\jre\21.0.10-win32-x86_64\bin\instrument.dll
Event: 1.915 Loaded shared library C:\Users\IT\.antigravity\extensions\redhat.java-1.54.0-win32-x64\jre\21.0.10-win32-x86_64\bin\net.dll
Event: 1.923 Loaded shared library C:\Users\IT\.antigravity\extensions\redhat.java-1.54.0-win32-x64\jre\21.0.10-win32-x86_64\bin\nio.dll
Event: 1.930 Loaded shared library C:\Users\IT\.antigravity\extensions\redhat.java-1.54.0-win32-x64\jre\21.0.10-win32-x86_64\bin\zip.dll
Event: 2.065 Loaded shared library C:\Users\IT\.antigravity\extensions\redhat.java-1.54.0-win32-x64\jre\21.0.10-win32-x86_64\bin\jimage.dll
Event: 3.114 Loaded shared library c:\Users\IT\.antigravity\extensions\redhat.java-1.54.0-win32-x64\jre\21.0.10-win32-x86_64\bin\verify.dll

Deoptimization events (20 events):
Event: 16.914 Thread 0x0000020cf1c1d340 DEOPT PACKING pc=0x0000020c87b542b4 sp=0x00000054e63fe8d0
Event: 16.914 Thread 0x0000020cf1c1d340 DEOPT UNPACKING pc=0x0000020c87583aa2 sp=0x00000054e63fe850 mode 2
Event: 17.581 Thread 0x0000020cf1c1d340 Uncommon trap: trap_request=0xffffffde fr.pc=0x0000020c87b6cf0c relative=0x000000000000094c
Event: 17.581 Thread 0x0000020cf1c1d340 Uncommon trap: reason=class_check action=maybe_recompile pc=0x0000020c87b6cf0c method=java.util.HashMap.putVal(ILjava/lang/Object;Ljava/lang/Object;ZZ)Ljava/lang/Object; @ 253 c2
Event: 17.581 Thread 0x0000020cf1c1d340 DEOPT PACKING pc=0x0000020c87b6cf0c sp=0x00000054e63fe200
Event: 17.582 Thread 0x0000020cf1c1d340 DEOPT UNPACKING pc=0x0000020c87583aa2 sp=0x00000054e63fe128 mode 2
Event: 17.587 Thread 0x0000020cf1c1d340 Uncommon trap: trap_request=0xffffffde fr.pc=0x0000020c87b6cf0c relative=0x000000000000094c
Event: 17.587 Thread 0x0000020cf1c1d340 Uncommon trap: reason=class_check action=maybe_recompile pc=0x0000020c87b6cf0c method=java.util.HashMap.putVal(ILjava/lang/Object;Ljava/lang/Object;ZZ)Ljava/lang/Object; @ 253 c2
Event: 17.587 Thread 0x0000020cf1c1d340 DEOPT PACKING pc=0x0000020c87b6cf0c sp=0x00000054e63fe200
Event: 17.587 Thread 0x0000020cf1c1d340 DEOPT UNPACKING pc=0x0000020c87583aa2 sp=0x00000054e63fe128 mode 2
Event: 17.589 Thread 0x0000020cf1c1d340 Uncommon trap: trap_request=0xffffffde fr.pc=0x0000020c87b02428 relative=0x00000000000004e8
Event: 17.589 Thread 0x0000020cf1c1d340 Uncommon trap: reason=class_check action=maybe_recompile pc=0x0000020c87b02428 method=java.util.HashMap.putVal(ILjava/lang/Object;Ljava/lang/Object;ZZ)Ljava/lang/Object; @ 253 c2
Event: 17.589 Thread 0x0000020cf1c1d340 DEOPT PACKING pc=0x0000020c87b02428 sp=0x00000054e63fe060
Event: 17.589 Thread 0x0000020cf1c1d340 DEOPT UNPACKING pc=0x0000020c87583aa2 sp=0x00000054e63fe020 mode 2
Event: 18.123 Thread 0x0000020cf1c1d340 DEOPT PACKING pc=0x0000020c80114b8b sp=0x00000054e63fc7e0
Event: 18.123 Thread 0x0000020cf1c1d340 DEOPT UNPACKING pc=0x0000020c87584242 sp=0x00000054e63fbc58 mode 0
Event: 18.131 Thread 0x0000020cf1c1d340 DEOPT PACKING pc=0x0000020c80100486 sp=0x00000054e63fc2a0
Event: 18.131 Thread 0x0000020cf1c1d340 DEOPT UNPACKING pc=0x0000020c87584242 sp=0x00000054e63fb720 mode 0
Event: 18.135 Thread 0x0000020cf1c1d340 DEOPT PACKING pc=0x0000020c80100486 sp=0x00000054e63fc4f0
Event: 18.135 Thread 0x0000020cf1c1d340 DEOPT UNPACKING pc=0x0000020c87584242 sp=0x00000054e63fb970 mode 0

Classes loaded (20 events):
Event: 18.115 Loading class java/security/KeyStoreException
Event: 18.116 Loading class java/security/KeyStoreException done
Event: 18.218 Loading class java/util/LinkedList$Node
Event: 18.218 Loading class java/util/LinkedList$Node done
Event: 18.218 Loading class java/util/LinkedList$ListItr
Event: 18.219 Loading class java/util/LinkedList$ListItr done
Event: 18.221 Loading class java/lang/Thread$Builder$OfPlatform
Event: 18.222 Loading class java/lang/Thread$Builder
Event: 18.222 Loading class java/lang/Thread$Builder done
Event: 18.222 Loading class java/lang/Thread$Builder$OfPlatform done
Event: 18.222 Loading class java/lang/Thread$Builder$OfVirtual
Event: 18.222 Loading class java/lang/Thread$Builder$OfVirtual done
Event: 18.405 Loading class sun/nio/fs/WindowsChannelFactory
Event: 18.437 Loading class sun/nio/fs/WindowsChannelFactory done
Event: 18.438 Loading class sun/nio/fs/WindowsChannelFactory$1
Event: 18.439 Loading class sun/nio/fs/WindowsChannelFactory$1 done
Event: 18.439 Loading class sun/nio/fs/WindowsChannelFactory$Flags
Event: 18.440 Loading class sun/nio/fs/WindowsChannelFactory$Flags done
Event: 18.441 Loading class sun/nio/ch/FileChannelImpl$Closer
Event: 18.473 Loading class sun/nio/ch/FileChannelImpl$Closer done

Classes unloaded (0 events):
No events

Classes redefined (0 events):
No events

Internal exceptions (20 events):
Event: 9.979 Thread 0x0000020cf1c1d340 Exception <a 'java/lang/NoSuchMethodError'{0x00000000d65e5098}: 'java.lang.Object java.lang.invoke.DirectMethodHandle$Holder.invokeInterface(java.lang.Object, java.lang.Object, int)'> (0x00000000d65e5098) 
thrown [s\src\hotspot\share\interpreter\linkResolver.cpp, line 773]
Event: 11.516 Thread 0x0000020cf1c1d340 Exception <a 'java/lang/NoSuchMethodError'{0x00000000d6a4cf78}: 'java.lang.ClassLoader java.lang.ClassLoader.getPlatformClassLoader(java.lang.Class)'> (0x00000000d6a4cf78) 
thrown [s\src\hotspot\share\interpreter\linkResolver.cpp, line 773]
Event: 12.031 Thread 0x0000020cf1c1d340 Exception <a 'java/lang/ClassNotFoundException'{0x00000000d6e6bdf8}: sun/net/www/protocol/c/Handler> (0x00000000d6e6bdf8) 
thrown [s\src\hotspot\share\classfile\systemDictionary.cpp, line 312]
Event: 12.032 Thread 0x0000020cf1c1d340 Exception <a 'java/lang/ClassNotFoundException'{0x00000000d6e6d160}: sun/net/www/protocol/d/Handler> (0x00000000d6e6d160) 
thrown [s\src\hotspot\share\classfile\systemDictionary.cpp, line 312]
Event: 12.032 Thread 0x0000020cf1c1d340 Exception <a 'java/lang/ClassNotFoundException'{0x00000000d6e6e2f8}: sun/net/www/protocol/c/Handler> (0x00000000d6e6e2f8) 
thrown [s\src\hotspot\share\classfile\systemDictionary.cpp, line 312]
Event: 12.111 Thread 0x0000020cf1c1d340 Exception <a 'java/io/FileNotFoundException'{0x00000000d5596d38}> (0x00000000d5596d38) 
thrown [s\src\hotspot\share\prims\jni.cpp, line 520]
Event: 12.383 Thread 0x0000020cf1c1d340 Implicit null exception at 0x0000020c87b2fa29 to 0x0000020c87b3029c
Event: 12.384 Thread 0x0000020cf1c1d340 Implicit null exception at 0x0000020c87b3b91a to 0x0000020c87b3bb24
Event: 12.385 Thread 0x0000020cf1c1d340 Exception <a 'java/lang/NoSuchMethodError'{0x00000000d56ca5d0}: 'void java.lang.invoke.DirectMethodHandle$Holder.invokeStatic(java.lang.Object, java.lang.Object, java.lang.Object, java.lang.Object)'> (0x00000000d56ca5d0) 
thrown [s\src\hotspot\share\interpreter\linkResolver.cpp, line 773]
Event: 12.397 Thread 0x0000020cf1c1d340 Implicit null exception at 0x0000020c87b333bc to 0x0000020c87b33648
Event: 12.397 Thread 0x0000020cf1c1d340 Implicit null exception at 0x0000020c87b3243d to 0x0000020c87b324c1
Event: 13.901 Thread 0x0000020cf1c1d340 Exception <a 'java/lang/NoSuchMethodError'{0x00000000d598f8b0}: 'void java.lang.invoke.DirectMethodHandle$Holder.invokeSpecial(java.lang.Object, java.lang.Object, java.lang.Object)'> (0x00000000d598f8b0) 
thrown [s\src\hotspot\share\interpreter\linkResolver.cpp, line 773]
Event: 16.522 Thread 0x0000020cf1c1d340 Exception <a 'java/lang/NoSuchMethodError'{0x00000000d62ad6d8}: 'int java.lang.invoke.DirectMethodHandle$Holder.invokeVirtual(java.lang.Object, java.lang.Object)'> (0x00000000d62ad6d8) 
thrown [s\src\hotspot\share\interpreter\linkResolver.cpp, line 773]
Event: 16.991 Thread 0x0000020cf1c1d340 Exception <a 'java/lang/NoSuchMethodError'{0x00000000d64222d8}: 'int java.lang.invoke.DirectMethodHandle$Holder.invokeStaticInit(java.lang.Object, java.lang.Object, java.lang.Object, java.lang.Object)'> (0x00000000d64222d8) 
thrown [s\src\hotspot\share\interpreter\linkResolver.cpp, line 773]
Event: 17.081 Thread 0x0000020cf1c1d340 Exception <a 'java/lang/IncompatibleClassChangeError'{0x00000000d642aab8}: Found class java.lang.Object, but interface was expected> (0x00000000d642aab8) 
thrown [s\src\hotspot\share\interpreter\linkResolver.cpp, line 840]
Event: 17.085 Thread 0x0000020cf1c1d340 Exception <a 'java/lang/NoSuchMethodError'{0x00000000d6431068}: 'void java.lang.invoke.DirectMethodHandle$Holder.invokeStaticInit(java.lang.Object, java.lang.Object)'> (0x00000000d6431068) 
thrown [s\src\hotspot\share\interpreter\linkResolver.cpp, line 773]
Event: 17.088 Thread 0x0000020cf1c1d340 Exception <a 'java/lang/NoSuchMethodError'{0x00000000d643a220}: 'int java.lang.invoke.DirectMethodHandle$Holder.invokeStaticInit(java.lang.Object, java.lang.Object)'> (0x00000000d643a220) 
thrown [s\src\hotspot\share\interpreter\linkResolver.cpp, line 773]
Event: 17.377 Thread 0x0000020cf1c1d340 Exception <a 'java/lang/NoSuchMethodError'{0x00000000d6685a80}: 'java.lang.Object java.lang.invoke.DirectMethodHandle$Holder.newInvokeSpecial(java.lang.Object, int, java.lang.Object)'> (0x00000000d6685a80) 
thrown [s\src\hotspot\share\interpreter\linkResolver.cpp, line 773]
Event: 18.017 Thread 0x0000020cf1c1d340 Exception <a 'java/lang/ClassNotFoundException'{0x00000000d68a2bd8}: sun/net/www/protocol/plurl/Handler> (0x00000000d68a2bd8) 
thrown [s\src\hotspot\share\classfile\systemDictionary.cpp, line 312]
Event: 18.017 Thread 0x0000020cf1c1d340 Exception <a 'java/lang/ClassNotFoundException'{0x00000000d68a3a58}: sun/net/www/protocol/plurl/Handler> (0x00000000d68a3a58) 
thrown [s\src\hotspot\share\classfile\systemDictionary.cpp, line 312]

ZGC Phase Switch (0 events):
No events

VM Operations (20 events):
Event: 14.116 Executing safepoint VM operation: Cleanup
Event: 14.195 Executing safepoint VM operation: Cleanup done
Event: 15.205 Executing safepoint VM operation: Cleanup
Event: 15.642 Executing safepoint VM operation: Cleanup done
Event: 16.646 Executing safepoint VM operation: Cleanup
Event: 16.646 Executing safepoint VM operation: Cleanup done
Event: 17.221 Executing non-safepoint VM operation: HandshakeAllThreads (Deoptimize)
Event: 17.221 Executing non-safepoint VM operation: HandshakeAllThreads (Deoptimize) done
Event: 17.256 Executing non-safepoint VM operation: HandshakeAllThreads (Deoptimize)
Event: 17.256 Executing non-safepoint VM operation: HandshakeAllThreads (Deoptimize) done
Event: 17.901 Executing non-safepoint VM operation: HandshakeAllThreads (Deoptimize)
Event: 17.901 Executing non-safepoint VM operation: HandshakeAllThreads (Deoptimize) done
Event: 17.901 Executing safepoint VM operation: Cleanup
Event: 17.901 Executing safepoint VM operation: Cleanup done
Event: 18.002 Executing non-safepoint VM operation: HandshakeAllThreads (Deoptimize)
Event: 18.002 Executing non-safepoint VM operation: HandshakeAllThreads (Deoptimize) done
Event: 19.010 Executing safepoint VM operation: Cleanup
Event: 19.010 Executing safepoint VM operation: Cleanup done
Event: 22.041 Executing safepoint VM operation: Cleanup
Event: 22.041 Executing safepoint VM operation: Cleanup done

Memory protections (0 events):
No events

Nmethod flushes (0 events):
No events

Events (18 events):
Event: 0.180 Thread 0x0000020cf1c1d340 Thread added: 0x0000020cf1c1d340
Event: 0.369 Thread 0x0000020cf1c1d340 Thread added: 0x0000020cf1b096c0
Event: 0.369 Thread 0x0000020cf1c1d340 Thread added: 0x0000020cf1b0b5e0
Event: 0.370 Thread 0x0000020cf1c1d340 Thread added: 0x0000020cf1b0db90
Event: 0.370 Thread 0x0000020cf1c1d340 Thread added: 0x0000020cf1b109c0
Event: 0.370 Thread 0x0000020cf1c1d340 Thread added: 0x0000020cf1b116e0
Event: 0.370 Thread 0x0000020cf1c1d340 Thread added: 0x0000020cf1b132b0
Event: 0.370 Thread 0x0000020cf1c1d340 Thread added: 0x0000020cf1b140f0
Event: 0.541 Thread 0x0000020cf1c1d340 Thread added: 0x0000020cf1b85b90
Event: 1.908 Thread 0x0000020cf1c1d340 Thread added: 0x0000020cfa301050
Event: 6.119 Thread 0x0000020cf1c1d340 Thread added: 0x0000020cfa4171b0
Event: 7.920 Thread 0x0000020cf1b85b90 Thread added: 0x0000020cfa31b2c0
Event: 8.165 Thread 0x0000020cfa31b2c0 Thread exited: 0x0000020cfa31b2c0
Event: 9.283 Thread 0x0000020cf1b85b90 Thread added: 0x0000020cfa44c350
Event: 9.417 Thread 0x0000020cfa44c350 Thread exited: 0x0000020cfa44c350
Event: 14.350 Thread 0x0000020cf1b140f0 Thread added: 0x0000020cfa4d5bc0
Event: 14.704 Thread 0x0000020cfa4d5bc0 Thread exited: 0x0000020cfa4d5bc0
Event: 17.129 Thread 0x0000020cf1c1d340 Thread added: 0x0000020cfa6c85d0


Dynamic libraries:
0x00007ff791690000 - 0x00007ff79169e000 	c:\Users\IT\.antigravity\extensions\redhat.java-1.54.0-win32-x64\jre\21.0.10-win32-x86_64\bin\java.exe
0x00007fffd5390000 - 0x00007fffd5588000 	C:\Windows\SYSTEM32\ntdll.dll
0x00007fffd4c50000 - 0x00007fffd4d12000 	C:\Windows\System32\KERNEL32.DLL
0x00007fffd2e90000 - 0x00007fffd3186000 	C:\Windows\System32\KERNELBASE.dll
0x00007fffd3230000 - 0x00007fffd3330000 	C:\Windows\System32\ucrtbase.dll
0x00007fffc0850000 - 0x00007fffc0868000 	c:\Users\IT\.antigravity\extensions\redhat.java-1.54.0-win32-x64\jre\21.0.10-win32-x86_64\bin\jli.dll
0x00007fffd48a0000 - 0x00007fffd4a41000 	C:\Windows\System32\USER32.dll
0x00007fffd2ad0000 - 0x00007fffd2af2000 	C:\Windows\System32\win32u.dll
0x00007fffd40f0000 - 0x00007fffd411b000 	C:\Windows\System32\GDI32.dll
0x00007fffd2b00000 - 0x00007fffd2c19000 	C:\Windows\System32\gdi32full.dll
0x00007fffd3190000 - 0x00007fffd322d000 	C:\Windows\System32\msvcp_win.dll
0x00007fffc0870000 - 0x00007fffc088e000 	c:\Users\IT\.antigravity\extensions\redhat.java-1.54.0-win32-x64\jre\21.0.10-win32-x86_64\bin\VCRUNTIME140.dll
0x00007fffc5770000 - 0x00007fffc5a0b000 	C:\Windows\WinSxS\amd64_microsoft.windows.common-controls_6595b64144ccf1df_6.0.19041.6456_none_60b8a6cb71f64256\COMCTL32.dll
0x00007fffd4d90000 - 0x00007fffd4e2e000 	C:\Windows\System32\msvcrt.dll
0x00007fffd40c0000 - 0x00007fffd40ef000 	C:\Windows\System32\IMM32.DLL
0x00007fffc0840000 - 0x00007fffc084c000 	c:\Users\IT\.antigravity\extensions\redhat.java-1.54.0-win32-x64\jre\21.0.10-win32-x86_64\bin\vcruntime140_1.dll
0x00007fffb8060000 - 0x00007fffb80ed000 	c:\Users\IT\.antigravity\extensions\redhat.java-1.54.0-win32-x64\jre\21.0.10-win32-x86_64\bin\msvcp140.dll
0x00007fff9f230000 - 0x00007fff9ffd1000 	c:\Users\IT\.antigravity\extensions\redhat.java-1.54.0-win32-x64\jre\21.0.10-win32-x86_64\bin\server\jvm.dll
0x00007fffd3ee0000 - 0x00007fffd3f91000 	C:\Windows\System32\ADVAPI32.dll
0x00007fffd3760000 - 0x00007fffd37ff000 	C:\Windows\System32\sechost.dll
0x00007fffd4ec0000 - 0x00007fffd4fe0000 	C:\Windows\System32\RPCRT4.dll
0x00007fffd3330000 - 0x00007fffd3357000 	C:\Windows\System32\bcrypt.dll
0x00007fffd36f0000 - 0x00007fffd375b000 	C:\Windows\System32\WS2_32.dll
0x00007fffd2880000 - 0x00007fffd28cb000 	C:\Windows\SYSTEM32\POWRPROF.dll
0x00007fffc6590000 - 0x00007fffc65b7000 	C:\Windows\SYSTEM32\WINMM.dll
0x00007fffc6c90000 - 0x00007fffc6c9a000 	C:\Windows\SYSTEM32\VERSION.dll
0x00007fffd2860000 - 0x00007fffd2872000 	C:\Windows\SYSTEM32\UMPDC.dll
0x00007fffd08b0000 - 0x00007fffd08c2000 	C:\Windows\SYSTEM32\kernel.appcore.dll
0x00007fffc0830000 - 0x00007fffc083a000 	c:\Users\IT\.antigravity\extensions\redhat.java-1.54.0-win32-x64\jre\21.0.10-win32-x86_64\bin\jimage.dll
0x00007fffc6380000 - 0x00007fffc6581000 	C:\Windows\SYSTEM32\DBGHELP.DLL
0x00007fffbda70000 - 0x00007fffbdaa4000 	C:\Windows\SYSTEM32\dbgcore.DLL
0x00007fffd2c20000 - 0x00007fffd2ca2000 	C:\Windows\System32\bcryptPrimitives.dll
0x00007fffc0820000 - 0x00007fffc082f000 	c:\Users\IT\.antigravity\extensions\redhat.java-1.54.0-win32-x64\jre\21.0.10-win32-x86_64\bin\instrument.dll
0x00007fffc0800000 - 0x00007fffc0820000 	c:\Users\IT\.antigravity\extensions\redhat.java-1.54.0-win32-x64\jre\21.0.10-win32-x86_64\bin\java.dll
0x00007fffd4130000 - 0x00007fffd48a0000 	C:\Windows\System32\SHELL32.dll
0x00007fffd0ab0000 - 0x00007fffd1255000 	C:\Windows\SYSTEM32\windows.storage.dll
0x00007fffd4ff0000 - 0x00007fffd5344000 	C:\Windows\System32\combase.dll
0x00007fffd2370000 - 0x00007fffd239b000 	C:\Windows\SYSTEM32\Wldp.dll
0x00007fffd4a50000 - 0x00007fffd4b1d000 	C:\Windows\System32\OLEAUT32.dll
0x00007fffd3880000 - 0x00007fffd392d000 	C:\Windows\System32\SHCORE.dll
0x00007fffd3990000 - 0x00007fffd39eb000 	C:\Windows\System32\shlwapi.dll
0x00007fffd2950000 - 0x00007fffd2974000 	C:\Windows\SYSTEM32\profapi.dll
0x00007fffbf8c0000 - 0x00007fffbf8d8000 	c:\Users\IT\.antigravity\extensions\redhat.java-1.54.0-win32-x64\jre\21.0.10-win32-x86_64\bin\zip.dll
0x00007fffba180000 - 0x00007fffba190000 	C:\Users\IT\.antigravity\extensions\redhat.java-1.54.0-win32-x64\jre\21.0.10-win32-x86_64\bin\net.dll
0x00007fffcc5b0000 - 0x00007fffcc6ba000 	C:\Windows\SYSTEM32\WINHTTP.dll
0x00007fffd20d0000 - 0x00007fffd213a000 	C:\Windows\system32\mswsock.dll
0x00007fffba160000 - 0x00007fffba176000 	C:\Users\IT\.antigravity\extensions\redhat.java-1.54.0-win32-x64\jre\21.0.10-win32-x86_64\bin\nio.dll
0x00007fffbe470000 - 0x00007fffbe480000 	c:\Users\IT\.antigravity\extensions\redhat.java-1.54.0-win32-x64\jre\21.0.10-win32-x86_64\bin\verify.dll

JVMTI agents:
c:\Users\IT\.antigravity\extensions\redhat.java-1.54.0-win32-x64\lombok\lombok-1.18.39-4050.jar path:c:\Users\IT\.antigravity\extensions\redhat.java-1.54.0-win32-x64\jre\21.0.10-win32-x86_64\bin\instrument.dll, loaded, initialized, instrumentlib options:none

dbghelp: loaded successfully - version: 4.0.5 - missing functions: none
symbol engine: initialized successfully - sym options: 0x614 - pdb path: .;c:\Users\IT\.antigravity\extensions\redhat.java-1.54.0-win32-x64\jre\21.0.10-win32-x86_64\bin;C:\Windows\SYSTEM32;C:\Windows\WinSxS\amd64_microsoft.windows.common-controls_6595b64144ccf1df_6.0.19041.6456_none_60b8a6cb71f64256;c:\Users\IT\.antigravity\extensions\redhat.java-1.54.0-win32-x64\jre\21.0.10-win32-x86_64\bin\server

VM Arguments:
jvm_args: --add-modules=ALL-SYSTEM --add-opens=java.base/java.util=ALL-UNNAMED --add-opens=java.base/java.lang=ALL-UNNAMED --add-opens=java.base/sun.nio.fs=ALL-UNNAMED -Declipse.application=org.eclipse.jdt.ls.core.id1 -Dosgi.bundles.defaultStartLevel=4 -Declipse.product=org.eclipse.jdt.ls.core.product -Djava.import.generatesMetadataFilesAtProjectRoot=false -DDetectVMInstallationsJob.disabled=true -Dfile.encoding=utf8 -XX:+UseParallelGC -XX:GCTimeRatio=4 -XX:AdaptiveSizePolicyWeight=90 -Dsun.zip.disableMemoryMapping=true -Xmx2G -Xms100m -Xlog:disable -javaagent:c:\Users\IT\.antigravity\extensions\redhat.java-1.54.0-win32-x64\lombok\lombok-1.18.39-4050.jar 
java_command: c:\Users\IT\.antigravity\extensions\redhat.java-1.54.0-win32-x64\server\plugins\org.eclipse.equinox.launcher_1.7.100.v20251111-0406.jar -configuration c:\Users\IT\AppData\Roaming\Antigravity\User\globalStorage\redhat.java\1.54.0\config_ss_win -data c:\Users\IT\AppData\Roaming\Antigravity\User\workspaceStorage\a9db40a29345f0f1a692d5701a5a1c57\redhat.java\ss_ws --pipe=\\.\pipe\lsp-97c6b8a0963fa47dae1e5718ed34d79c-sock
java_class_path (initial): c:\Users\IT\.antigravity\extensions\redhat.java-1.54.0-win32-x64\server\plugins\org.eclipse.equinox.launcher_1.7.100.v20251111-0406.jar
Launcher Type: SUN_STANDARD

[Global flags]
    uintx AdaptiveSizePolicyWeight                 = 90                                        {product} {command line}
     intx CICompilerCount                          = 3                                         {product} {ergonomic}
    uintx GCTimeRatio                              = 4                                         {product} {command line}
   size_t InitialHeapSize                          = 104857600                                 {product} {command line}
   size_t MaxHeapSize                              = 2147483648                                {product} {command line}
   size_t MaxNewSize                               = 715653120                                 {product} {ergonomic}
   size_t MinHeapDeltaBytes                        = 524288                                    {product} {ergonomic}
   size_t MinHeapSize                              = 104857600                                 {product} {command line}
   size_t NewSize                                  = 34603008                                  {product} {ergonomic}
    uintx NonNMethodCodeHeapSize                   = 5832780                                {pd product} {ergonomic}
    uintx NonProfiledCodeHeapSize                  = 122912730                              {pd product} {ergonomic}
   size_t OldSize                                  = 70254592                                  {product} {ergonomic}
    uintx ProfiledCodeHeapSize                     = 122912730                              {pd product} {ergonomic}
    uintx ReservedCodeCacheSize                    = 251658240                              {pd product} {ergonomic}
     bool SegmentedCodeCache                       = true                                      {product} {ergonomic}
   size_t SoftMaxHeapSize                          = 2147483648                             {manageable} {ergonomic}
     bool UseCompressedOops                        = true                           {product lp64_product} {ergonomic}
     bool UseLargePagesIndividualAllocation        = false                                  {pd product} {ergonomic}
     bool UseParallelGC                            = true                                      {product} {command line}

Logging:
Log output configuration:
 #0: stdout all=off uptime,level,tags foldmultilines=false
 #1: stderr all=off uptime,level,tags foldmultilines=false

Release file:
JAVA_VERSION="21.0.10" 
MODULES="java.base java.compiler java.datatransfer java.xml java.prefs java.desktop java.instrument java.logging java.management java.security.sasl java.naming java.rmi java.management.rmi java.net.http java.scripting java.security.jgss java.transaction.xa java.sql java.sql.rowset java.xml.crypto java.se java.smartcardio jdk.accessibility jdk.internal.jvmstat jdk.attach jdk.charsets jdk.internal.opt jdk.zipfs jdk.compiler jdk.crypto.ec jdk.crypto.cryptoki jdk.crypto.mscapi jdk.dynalink jdk.internal.ed jdk.editpad jdk.hotspot.agent jdk.httpserver jdk.internal.le jdk.internal.vm.ci jdk.internal.vm.compiler jdk.internal.vm.compiler.management jdk.jartool jdk.javadoc jdk.jcmd jdk.management jdk.management.agent jdk.jconsole jdk.jdeps jdk.jdwp.agent jdk.jdi jdk.jfr jdk.jshell jdk.jsobject jdk.jstatd jdk.localedata jdk.management.jfr jdk.naming.dns jdk.naming.rmi jdk.net jdk.nio.mapmode jdk.random jdk.sctp jdk.security.auth jdk.security.jgss jdk.unsupported jdk.unsupported.desktop jdk.xml.dom" 

Environment Variables:
JAVA_HOME=D:\Program Files\Android\Android Studio\jbr
PATH=C:\Program Files\Eclipse Adoptium\jdk-17.0.18.8-hotspot\bin;C:\Windows\system32;C:\Windows;C:\Windows\System32\Wbem;C:\Windows\System32\WindowsPowerShell\v1.0\;C:\Windows\System32\OpenSSH\;C:\Users\IT\.config\herd\bin\nvm;C:\Program Files\nodejs;C:\Program Files\Git\cmd;D:\flutter\bin;C:\Program Files\Eclipse Adoptium\jdk-17.0.18.8-hotspot\bin;C:\Windows\system32;C:\Windows;C:\Windows\System32\Wbem;C:\Windows\System32\WindowsPowerShell\v1.0\;C:\Windows\System32\OpenSSH\;C:\Users\IT\.config\herd\bin\nvm;C:\Program Files\nodejs;C:\Program Files\Git\cmd;C:\Users\IT\.config\herd\bin;C:\Users\IT\AppData\Local\Microsoft\WindowsApps;C:\Users\IT\AppData\Local\Programs\Microsoft VS Code\bin;C:\Users\IT\AppData\Local\Programs\Antigravity\bin;D:\Antigravity\wifibilling\flutter\bin
USERNAME=IT
OS=Windows_NT
PROCESSOR_IDENTIFIER=Intel64 Family 6 Model 42 Stepping 7, GenuineIntel
TMP=D:\Temp
TEMP=D:\Temp




Periodic native trim disabled

---------------  S Y S T E M  ---------------

OS:
 Windows 10 , 64 bit Build 19041 (10.0.19041.5915)
OS uptime: 3 days 0:58 hours

CPU: total 4 (initial active 4) (2 cores per cpu, 2 threads per core) family 6 model 42 stepping 7 microcode 0x2f, cx8, cmov, fxsr, ht, mmx, sse, sse2, sse3, ssse3, sse4.1, sse4.2, popcnt, tsc, tscinvbit, avx, clmul, vzeroupper, clflush, rdtscp
Processor Information for the first 4 processors :
  Max Mhz: 3300, Current Mhz: 3300, Mhz Limit: 3300

Memory: 4k page, system-wide physical 8092M (447M free)
TotalPageFile size 23276M (AvailPageFile size 85M)
current process WorkingSet (physical memory assigned to process): 79M, peak: 82M
current process commit charge ("private bytes"): 220M, peak: 224M

vm_info: OpenJDK 64-Bit Server VM (21.0.10+7-LTS) for windows-amd64 JRE (21.0.10+7-LTS), built on 2026-01-20T00:00:00Z by "admin" with MS VC++ 17.12 (VS2022)

END.
